#! /usr/bin/vvp
:ivl_version "10.1 (stable)";
:ivl_delay_selection "TYPICAL";
:vpi_time_precision + 0;
:vpi_module "system";
:vpi_module "vhdl_sys";
:vpi_module "v2005_math";
:vpi_module "va_math";
S_0x55f26562f890 .scope module, "testbenchALU" "testbenchALU" 2 120;
 .timescale 0 0;
v0x55f265681600_0 .var "aluOp", 2 0;
v0x55f2656816e0_0 .net "aluOut", 7 0, v0x55f2656446c0_0;  1 drivers
v0x55f2656817f0_0 .var "inp1", 7 0;
v0x55f265681890_0 .var "inp2", 7 0;
v0x55f2656819a0_0 .var "selOut", 0 0;
v0x55f265681ae0_0 .var "selShiftAmt", 0 0;
v0x55f265681bd0_0 .var "shiftlmm", 2 0;
S_0x55f265654010 .scope module, "shifterAndALU_Test" "shifterAndALU" 2 129, 2 106 0, S_0x55f26562f890;
 .timescale 0 0;
    .port_info 0 /INPUT 8 "inp1"
    .port_info 1 /INPUT 8 "inp2"
    .port_info 2 /INPUT 3 "shiftlmm"
    .port_info 3 /INPUT 1 "selShiftAmt"
    .port_info 4 /INPUT 3 "oper"
    .port_info 5 /INPUT 1 "selOut"
    .port_info 6 /OUTPUT 8 "out"
v0x55f265680d20_0 .net "inp1", 7 0, v0x55f2656817f0_0;  1 drivers
v0x55f265680e00_0 .net "inp2", 7 0, v0x55f265681890_0;  1 drivers
v0x55f265680ec0_0 .net "oper", 2 0, v0x55f265681600_0;  1 drivers
v0x55f265680f60_0 .net "out", 7 0, v0x55f2656446c0_0;  alias, 1 drivers
v0x55f265681030_0 .net "output_alu", 7 0, v0x55f26563c4e0_0;  1 drivers
v0x55f265681170_0 .net "selOut", 0 0, v0x55f2656819a0_0;  1 drivers
v0x55f265681210_0 .net "selShiftAmt", 0 0, v0x55f265681ae0_0;  1 drivers
v0x55f2656812b0_0 .net "shftOutp", 7 0, L_0x55f265686b50;  1 drivers
v0x55f2656813a0_0 .net "shftamt", 2 0, v0x55f26566ab10_0;  1 drivers
v0x55f265681440_0 .net "shiftlmm", 2 0, v0x55f265681bd0_0;  1 drivers
L_0x55f265681ce0 .part v0x55f265681890_0, 0, 3;
S_0x55f265651c40 .scope module, "aluoutput" "alu" 2 114, 2 87 0, S_0x55f265654010;
 .timescale 0 0;
    .port_info 0 /INPUT 8 "aluIn1"
    .port_info 1 /INPUT 8 "aluIn2"
    .port_info 2 /INPUT 3 "aluOp"
    .port_info 3 /OUTPUT 8 "aluOut"
v0x55f265640280_0 .net "aluIn1", 7 0, v0x55f2656817f0_0;  alias, 1 drivers
v0x55f2656405f0_0 .net "aluIn2", 7 0, v0x55f265681890_0;  alias, 1 drivers
v0x55f26563e530_0 .net "aluOp", 2 0, v0x55f265681600_0;  alias, 1 drivers
v0x55f26563c4e0_0 .var "aluOut", 7 0;
E_0x55f2655dc630 .event edge, v0x55f2656405f0_0, v0x55f265640280_0, v0x55f26563e530_0;
S_0x55f26566a310 .scope module, "finaloutput" "mux2to1_8bit" 2 115, 2 15 0, S_0x55f265654010;
 .timescale 0 0;
    .port_info 0 /INPUT 8 "in0"
    .port_info 1 /INPUT 8 "in1"
    .port_info 2 /INPUT 1 "select"
    .port_info 3 /OUTPUT 8 "muxOut"
v0x55f26563c5b0_0 .net "in0", 7 0, v0x55f26563c4e0_0;  alias, 1 drivers
v0x55f26563c7b0_0 .net "in1", 7 0, L_0x55f265686b50;  alias, 1 drivers
v0x55f2656446c0_0 .var "muxOut", 7 0;
v0x55f26566a5a0_0 .net "select", 0 0, v0x55f2656819a0_0;  alias, 1 drivers
E_0x55f2655dc9d0 .event edge, v0x55f26563c4e0_0, v0x55f26563c7b0_0, v0x55f26566a5a0_0;
S_0x55f26566a710 .scope module, "select1" "mux2to1_3bit" 2 112, 2 4 0, S_0x55f265654010;
 .timescale 0 0;
    .port_info 0 /INPUT 3 "in0"
    .port_info 1 /INPUT 3 "in1"
    .port_info 2 /INPUT 1 "select"
    .port_info 3 /OUTPUT 3 "muxOut"
v0x55f26566a930_0 .net "in0", 2 0, L_0x55f265681ce0;  1 drivers
v0x55f26566aa30_0 .net "in1", 2 0, v0x55f265681bd0_0;  alias, 1 drivers
v0x55f26566ab10_0 .var "muxOut", 2 0;
v0x55f26566ac00_0 .net "select", 0 0, v0x55f265681ae0_0;  alias, 1 drivers
E_0x55f2655dcdb0 .event edge, v0x55f26566a930_0, v0x55f26566aa30_0, v0x55f26566ac00_0;
S_0x55f26566ad70 .scope module, "shiftoutput" "barrelshifter" 2 113, 2 45 0, S_0x55f265654010;
 .timescale 0 0;
    .port_info 0 /INPUT 3 "shiftAmt"
    .port_info 1 /INPUT 8 "b"
    .port_info 2 /INPUT 3 "oper"
    .port_info 3 /OUTPUT 8 "shftOutp"
v0x55f26567fb10_0 .net "b", 7 0, v0x55f2656817f0_0;  alias, 1 drivers
v0x55f26567fbf0_0 .net "oper", 2 0, v0x55f265681600_0;  alias, 1 drivers
v0x55f26567fc90_0 .net "r0", 0 0, v0x55f26567e280_0;  1 drivers
v0x55f26567fd60_0 .net "r1", 0 0, v0x55f26566ea40_0;  1 drivers
v0x55f26567fe00_0 .net "r2", 0 0, v0x55f26566f7a0_0;  1 drivers
v0x55f26567fea0_0 .net "r3", 0 0, v0x55f2656704d0_0;  1 drivers
v0x55f26567ff40_0 .net "r4", 0 0, v0x55f2656711d0_0;  1 drivers
v0x55f26567ffe0_0 .net "r5", 0 0, v0x55f26566b8f0_0;  1 drivers
v0x55f265680080_0 .net "r6", 0 0, v0x55f26566c510_0;  1 drivers
v0x55f265680120_0 .net "r7", 0 0, v0x55f26566d150_0;  1 drivers
v0x55f2656801c0_0 .net "s0", 0 0, v0x55f26566de40_0;  1 drivers
v0x55f265680260_0 .net "s1", 0 0, v0x55f265674600_0;  1 drivers
v0x55f265680300_0 .net "s2", 0 0, v0x55f265679330_0;  1 drivers
v0x55f2656803a0_0 .net "s3", 0 0, v0x55f26567a090_0;  1 drivers
v0x55f265680440_0 .net "s4", 0 0, v0x55f26567ada0_0;  1 drivers
v0x55f2656804e0_0 .net "s5", 0 0, v0x55f26567baf0_0;  1 drivers
v0x55f265680580_0 .net "s6", 0 0, v0x55f26567c800_0;  1 drivers
v0x55f265680730_0 .net "s7", 0 0, v0x55f26567d550_0;  1 drivers
v0x55f2656808e0_0 .net "select0", 2 0, v0x55f26567ea60_0;  1 drivers
v0x55f265680980_0 .net "select1", 2 0, v0x55f26567f0f0_0;  1 drivers
v0x55f265680a40_0 .net "select2", 2 0, v0x55f26567f7f0_0;  1 drivers
v0x55f265680b00_0 .net "shftOutp", 7 0, L_0x55f265686b50;  alias, 1 drivers
v0x55f265680bc0_0 .net "shiftAmt", 2 0, v0x55f26566ab10_0;  alias, 1 drivers
L_0x55f265681d80 .part v0x55f26566ab10_0, 0, 1;
L_0x55f265681e20 .part v0x55f2656817f0_0, 0, 1;
L_0x55f265681ec0 .part v0x55f2656817f0_0, 1, 1;
L_0x55f265681f60 .part v0x55f2656817f0_0, 1, 1;
L_0x55f265682030 .part v0x55f2656817f0_0, 1, 1;
L_0x55f265682130 .part v0x55f2656817f0_0, 7, 1;
L_0x55f2656823b0 .part v0x55f2656817f0_0, 1, 1;
L_0x55f265682480 .part v0x55f2656817f0_0, 2, 1;
L_0x55f2656825a0 .part v0x55f2656817f0_0, 2, 1;
L_0x55f265682670 .part v0x55f2656817f0_0, 2, 1;
L_0x55f2656827a0 .part v0x55f2656817f0_0, 0, 1;
L_0x55f265682870 .part v0x55f2656817f0_0, 0, 1;
L_0x55f2656829e0 .part v0x55f2656817f0_0, 2, 1;
L_0x55f265682ab0 .part v0x55f2656817f0_0, 3, 1;
L_0x55f265682c00 .part v0x55f2656817f0_0, 3, 1;
L_0x55f265682cd0 .part v0x55f2656817f0_0, 3, 1;
L_0x55f265682e30 .part v0x55f2656817f0_0, 1, 1;
L_0x55f265682f00 .part v0x55f2656817f0_0, 1, 1;
L_0x55f2656830d0 .part v0x55f2656817f0_0, 3, 1;
L_0x55f2656831a0 .part v0x55f2656817f0_0, 4, 1;
L_0x55f265682fd0 .part v0x55f2656817f0_0, 4, 1;
L_0x55f265683350 .part v0x55f2656817f0_0, 4, 1;
L_0x55f2656834e0 .part v0x55f2656817f0_0, 2, 1;
L_0x55f2656835b0 .part v0x55f2656817f0_0, 2, 1;
L_0x55f2656837b0 .part v0x55f2656817f0_0, 4, 1;
L_0x55f265683880 .part v0x55f2656817f0_0, 5, 1;
L_0x55f265683a30 .part v0x55f2656817f0_0, 5, 1;
L_0x55f265683b00 .part v0x55f2656817f0_0, 5, 1;
L_0x55f265683cc0 .part v0x55f2656817f0_0, 3, 1;
L_0x55f265683d90 .part v0x55f2656817f0_0, 3, 1;
L_0x55f265684370 .part v0x55f2656817f0_0, 5, 1;
L_0x55f265684410 .part v0x55f2656817f0_0, 6, 1;
L_0x55f2656845c0 .part v0x55f2656817f0_0, 6, 1;
L_0x55f265684690 .part v0x55f2656817f0_0, 6, 1;
L_0x55f265684880 .part v0x55f2656817f0_0, 4, 1;
L_0x55f265684950 .part v0x55f2656817f0_0, 4, 1;
L_0x55f2656847c0 .part v0x55f2656817f0_0, 6, 1;
L_0x55f265684b80 .part v0x55f2656817f0_0, 7, 1;
L_0x55f265684d90 .part v0x55f2656817f0_0, 7, 1;
L_0x55f265684e60 .part v0x55f2656817f0_0, 7, 1;
L_0x55f265685080 .part v0x55f2656817f0_0, 5, 1;
L_0x55f265685150 .part v0x55f2656817f0_0, 5, 1;
L_0x55f2656853e0 .part v0x55f2656817f0_0, 7, 1;
L_0x55f2656854b0 .part v0x55f2656817f0_0, 7, 1;
L_0x55f265685720 .part v0x55f2656817f0_0, 0, 1;
L_0x55f2656857f0 .part v0x55f2656817f0_0, 6, 1;
L_0x55f265685a40 .part v0x55f2656817f0_0, 6, 1;
L_0x55f265685ba0 .part v0x55f26566ab10_0, 1, 1;
L_0x55f2656861f0 .part v0x55f26566ab10_0, 2, 1;
LS_0x55f265686b50_0_0 .concat8 [ 1 1 1 1], v0x55f265671f30_0, v0x55f265672c20_0, v0x55f2656738d0_0, v0x55f265675350_0;
LS_0x55f265686b50_0_4 .concat8 [ 1 1 1 1], v0x55f265675fb0_0, v0x55f265676d50_0, v0x55f265677a60_0, v0x55f2656786e0_0;
L_0x55f265686b50 .concat8 [ 4 4 0 0], LS_0x55f265686b50_0_0, LS_0x55f265686b50_0_4;
S_0x55f26566af40 .scope module, "mu14" "mux8to1_1bit" 2 67, 2 26 0, S_0x55f26566ad70;
 .timescale 0 0;
    .port_info 0 /INPUT 1 "in0"
    .port_info 1 /INPUT 1 "in1"
    .port_info 2 /INPUT 1 "in2"
    .port_info 3 /INPUT 1 "in3"
    .port_info 4 /INPUT 1 "in4"
    .port_info 5 /INPUT 1 "in5"
    .port_info 6 /INPUT 1 "in6"
    .port_info 7 /INPUT 1 "in7"
    .port_info 8 /INPUT 3 "select"
    .port_info 9 /OUTPUT 1 "muxOut"
v0x55f26566b290_0 .net "in0", 0 0, v0x55f26567baf0_0;  alias, 1 drivers
v0x55f26566b370_0 .net "in1", 0 0, v0x55f26567d550_0;  alias, 1 drivers
v0x55f26566b430_0 .net "in2", 0 0, v0x55f26567d550_0;  alias, 1 drivers
v0x55f26566b530_0 .net "in3", 0 0, v0x55f26567d550_0;  alias, 1 drivers
v0x55f26566b620_0 .net "in4", 0 0, v0x55f26567a090_0;  alias, 1 drivers
v0x55f26566b710_0 .net "in5", 0 0, v0x55f26567a090_0;  alias, 1 drivers
L_0x7f0aab1f3918 .functor BUFT 1, C4<x>, C4<0>, C4<0>, C4<0>;
v0x55f26566b7b0_0 .net "in6", 0 0, L_0x7f0aab1f3918;  1 drivers
L_0x7f0aab1f3960 .functor BUFT 1, C4<x>, C4<0>, C4<0>, C4<0>;
v0x55f26566b850_0 .net "in7", 0 0, L_0x7f0aab1f3960;  1 drivers
v0x55f26566b8f0_0 .var "muxOut", 0 0;
v0x55f26566b9b0_0 .net "select", 2 0, v0x55f26567f0f0_0;  alias, 1 drivers
E_0x55f2655dd1d0/0 .event edge, v0x55f26566b9b0_0, v0x55f26566b850_0, v0x55f26566b7b0_0, v0x55f26566b620_0;
E_0x55f2655dd1d0/1 .event edge, v0x55f26566b370_0, v0x55f26566b290_0;
E_0x55f2655dd1d0 .event/or E_0x55f2655dd1d0/0, E_0x55f2655dd1d0/1;
S_0x55f26566bc30 .scope module, "mu15" "mux8to1_1bit" 2 68, 2 26 0, S_0x55f26566ad70;
 .timescale 0 0;
    .port_info 0 /INPUT 1 "in0"
    .port_info 1 /INPUT 1 "in1"
    .port_info 2 /INPUT 1 "in2"
    .port_info 3 /INPUT 1 "in3"
    .port_info 4 /INPUT 1 "in4"
    .port_info 5 /INPUT 1 "in5"
    .port_info 6 /INPUT 1 "in6"
    .port_info 7 /INPUT 1 "in7"
    .port_info 8 /INPUT 3 "select"
    .port_info 9 /OUTPUT 1 "muxOut"
v0x55f26566bf20_0 .net "in0", 0 0, v0x55f26567c800_0;  alias, 1 drivers
v0x55f26566c000_0 .net "in1", 0 0, v0x55f26567d550_0;  alias, 1 drivers
L_0x7f0aab1f39a8 .functor BUFT 1, C4<0>, C4<0>, C4<0>, C4<0>;
v0x55f26566c0c0_0 .net "in2", 0 0, L_0x7f0aab1f39a8;  1 drivers
v0x55f26566c160_0 .net "in3", 0 0, v0x55f26566de40_0;  alias, 1 drivers
v0x55f26566c200_0 .net "in4", 0 0, v0x55f26567ada0_0;  alias, 1 drivers
v0x55f26566c310_0 .net "in5", 0 0, v0x55f26567ada0_0;  alias, 1 drivers
L_0x7f0aab1f39f0 .functor BUFT 1, C4<x>, C4<0>, C4<0>, C4<0>;
v0x55f26566c3b0_0 .net "in6", 0 0, L_0x7f0aab1f39f0;  1 drivers
L_0x7f0aab1f3a38 .functor BUFT 1, C4<x>, C4<0>, C4<0>, C4<0>;
v0x55f26566c450_0 .net "in7", 0 0, L_0x7f0aab1f3a38;  1 drivers
v0x55f26566c510_0 .var "muxOut", 0 0;
v0x55f26566c5d0_0 .net "select", 2 0, v0x55f26567f0f0_0;  alias, 1 drivers
E_0x55f265658d20/0 .event edge, v0x55f26566b9b0_0, v0x55f26566c450_0, v0x55f26566c3b0_0, v0x55f26566c200_0;
E_0x55f265658d20/1 .event edge, v0x55f26566c160_0, v0x55f26566c0c0_0, v0x55f26566b370_0, v0x55f26566bf20_0;
E_0x55f265658d20 .event/or E_0x55f265658d20/0, E_0x55f265658d20/1;
S_0x55f26566c840 .scope module, "mu16" "mux8to1_1bit" 2 69, 2 26 0, S_0x55f26566ad70;
 .timescale 0 0;
    .port_info 0 /INPUT 1 "in0"
    .port_info 1 /INPUT 1 "in1"
    .port_info 2 /INPUT 1 "in2"
    .port_info 3 /INPUT 1 "in3"
    .port_info 4 /INPUT 1 "in4"
    .port_info 5 /INPUT 1 "in5"
    .port_info 6 /INPUT 1 "in6"
    .port_info 7 /INPUT 1 "in7"
    .port_info 8 /INPUT 3 "select"
    .port_info 9 /OUTPUT 1 "muxOut"
v0x55f26566cb70_0 .net "in0", 0 0, v0x55f26567d550_0;  alias, 1 drivers
v0x55f26566cc30_0 .net "in1", 0 0, v0x55f26567d550_0;  alias, 1 drivers
L_0x7f0aab1f3a80 .functor BUFT 1, C4<0>, C4<0>, C4<0>, C4<0>;
v0x55f26566ccf0_0 .net "in2", 0 0, L_0x7f0aab1f3a80;  1 drivers
v0x55f26566cdc0_0 .net "in3", 0 0, v0x55f265674600_0;  alias, 1 drivers
v0x55f26566ce60_0 .net "in4", 0 0, v0x55f26567baf0_0;  alias, 1 drivers
v0x55f26566cf00_0 .net "in5", 0 0, v0x55f26567baf0_0;  alias, 1 drivers
L_0x7f0aab1f3ac8 .functor BUFT 1, C4<x>, C4<0>, C4<0>, C4<0>;
v0x55f26566cff0_0 .net "in6", 0 0, L_0x7f0aab1f3ac8;  1 drivers
L_0x7f0aab1f3b10 .functor BUFT 1, C4<x>, C4<0>, C4<0>, C4<0>;
v0x55f26566d090_0 .net "in7", 0 0, L_0x7f0aab1f3b10;  1 drivers
v0x55f26566d150_0 .var "muxOut", 0 0;
v0x55f26566d210_0 .net "select", 2 0, v0x55f26567f0f0_0;  alias, 1 drivers
E_0x55f26566caf0/0 .event edge, v0x55f26566b9b0_0, v0x55f26566d090_0, v0x55f26566cff0_0, v0x55f26566b290_0;
E_0x55f26566caf0/1 .event edge, v0x55f26566cdc0_0, v0x55f26566ccf0_0, v0x55f26566b370_0;
E_0x55f26566caf0 .event/or E_0x55f26566caf0/0, E_0x55f26566caf0/1;
S_0x55f26566d470 .scope module, "muxer1" "mux8to1_1bit" 2 53, 2 26 0, S_0x55f26566ad70;
 .timescale 0 0;
    .port_info 0 /INPUT 1 "in0"
    .port_info 1 /INPUT 1 "in1"
    .port_info 2 /INPUT 1 "in2"
    .port_info 3 /INPUT 1 "in3"
    .port_info 4 /INPUT 1 "in4"
    .port_info 5 /INPUT 1 "in5"
    .port_info 6 /INPUT 1 "in6"
    .port_info 7 /INPUT 1 "in7"
    .port_info 8 /INPUT 3 "select"
    .port_info 9 /OUTPUT 1 "muxOut"
v0x55f26566d7f0_0 .net "in0", 0 0, L_0x55f265681e20;  1 drivers
v0x55f26566d8d0_0 .net "in1", 0 0, L_0x55f265681ec0;  1 drivers
v0x55f26566d990_0 .net "in2", 0 0, L_0x55f265681f60;  1 drivers
v0x55f26566da30_0 .net "in3", 0 0, L_0x55f265682030;  1 drivers
L_0x7f0aab1f3060 .functor BUFT 1, C4<0>, C4<0>, C4<0>, C4<0>;
v0x55f26566daf0_0 .net "in4", 0 0, L_0x7f0aab1f3060;  1 drivers
v0x55f26566dc00_0 .net "in5", 0 0, L_0x55f265682130;  1 drivers
L_0x7f0aab1f30a8 .functor BUFT 1, C4<x>, C4<0>, C4<0>, C4<0>;
v0x55f26566dcc0_0 .net "in6", 0 0, L_0x7f0aab1f30a8;  1 drivers
L_0x7f0aab1f30f0 .functor BUFT 1, C4<x>, C4<0>, C4<0>, C4<0>;
v0x55f26566dd80_0 .net "in7", 0 0, L_0x7f0aab1f30f0;  1 drivers
v0x55f26566de40_0 .var "muxOut", 0 0;
v0x55f26566dee0_0 .net "select", 2 0, v0x55f26567ea60_0;  alias, 1 drivers
E_0x55f26566d740/0 .event edge, v0x55f26566dee0_0, v0x55f26566dd80_0, v0x55f26566dcc0_0, v0x55f26566dc00_0;
E_0x55f26566d740/1 .event edge, v0x55f26566daf0_0, v0x55f26566da30_0, v0x55f26566d990_0, v0x55f26566d8d0_0;
E_0x55f26566d740/2 .event edge, v0x55f26566d7f0_0;
E_0x55f26566d740 .event/or E_0x55f26566d740/0, E_0x55f26566d740/1, E_0x55f26566d740/2;
S_0x55f26566e140 .scope module, "muxer10" "mux8to1_1bit" 2 63, 2 26 0, S_0x55f26566ad70;
 .timescale 0 0;
    .port_info 0 /INPUT 1 "in0"
    .port_info 1 /INPUT 1 "in1"
    .port_info 2 /INPUT 1 "in2"
    .port_info 3 /INPUT 1 "in3"
    .port_info 4 /INPUT 1 "in4"
    .port_info 5 /INPUT 1 "in5"
    .port_info 6 /INPUT 1 "in6"
    .port_info 7 /INPUT 1 "in7"
    .port_info 8 /INPUT 3 "select"
    .port_info 9 /OUTPUT 1 "muxOut"
v0x55f26566e4b0_0 .net "in0", 0 0, v0x55f265674600_0;  alias, 1 drivers
v0x55f26566e570_0 .net "in1", 0 0, v0x55f26567a090_0;  alias, 1 drivers
v0x55f26566e660_0 .net "in2", 0 0, v0x55f26567a090_0;  alias, 1 drivers
v0x55f26566e700_0 .net "in3", 0 0, v0x55f26567a090_0;  alias, 1 drivers
L_0x7f0aab1f3690 .functor BUFT 1, C4<0>, C4<0>, C4<0>, C4<0>;
v0x55f26566e7a0_0 .net "in4", 0 0, L_0x7f0aab1f3690;  1 drivers
v0x55f26566e840_0 .net "in5", 0 0, v0x55f26567d550_0;  alias, 1 drivers
L_0x7f0aab1f36d8 .functor BUFT 1, C4<x>, C4<0>, C4<0>, C4<0>;
v0x55f26566e8e0_0 .net "in6", 0 0, L_0x7f0aab1f36d8;  1 drivers
L_0x7f0aab1f3720 .functor BUFT 1, C4<x>, C4<0>, C4<0>, C4<0>;
v0x55f26566e980_0 .net "in7", 0 0, L_0x7f0aab1f3720;  1 drivers
v0x55f26566ea40_0 .var "muxOut", 0 0;
v0x55f26566eb90_0 .net "select", 2 0, v0x55f26567f0f0_0;  alias, 1 drivers
E_0x55f26566e410/0 .event edge, v0x55f26566b9b0_0, v0x55f26566e980_0, v0x55f26566e8e0_0, v0x55f26566b370_0;
E_0x55f26566e410/1 .event edge, v0x55f26566e7a0_0, v0x55f26566b620_0, v0x55f26566cdc0_0;
E_0x55f26566e410 .event/or E_0x55f26566e410/0, E_0x55f26566e410/1;
S_0x55f26566edf0 .scope module, "muxer11" "mux8to1_1bit" 2 64, 2 26 0, S_0x55f26566ad70;
 .timescale 0 0;
    .port_info 0 /INPUT 1 "in0"
    .port_info 1 /INPUT 1 "in1"
    .port_info 2 /INPUT 1 "in2"
    .port_info 3 /INPUT 1 "in3"
    .port_info 4 /INPUT 1 "in4"
    .port_info 5 /INPUT 1 "in5"
    .port_info 6 /INPUT 1 "in6"
    .port_info 7 /INPUT 1 "in7"
    .port_info 8 /INPUT 3 "select"
    .port_info 9 /OUTPUT 1 "muxOut"
v0x55f26566f110_0 .net "in0", 0 0, v0x55f265679330_0;  alias, 1 drivers
v0x55f26566f1f0_0 .net "in1", 0 0, v0x55f26567ada0_0;  alias, 1 drivers
v0x55f26566f300_0 .net "in2", 0 0, v0x55f26567ada0_0;  alias, 1 drivers
v0x55f26566f3a0_0 .net "in3", 0 0, v0x55f26567ada0_0;  alias, 1 drivers
v0x55f26566f4d0_0 .net "in4", 0 0, v0x55f26566de40_0;  alias, 1 drivers
v0x55f26566f5c0_0 .net "in5", 0 0, v0x55f26566de40_0;  alias, 1 drivers
L_0x7f0aab1f3768 .functor BUFT 1, C4<x>, C4<0>, C4<0>, C4<0>;
v0x55f26566f660_0 .net "in6", 0 0, L_0x7f0aab1f3768;  1 drivers
L_0x7f0aab1f37b0 .functor BUFT 1, C4<x>, C4<0>, C4<0>, C4<0>;
v0x55f26566f700_0 .net "in7", 0 0, L_0x7f0aab1f37b0;  1 drivers
v0x55f26566f7a0_0 .var "muxOut", 0 0;
v0x55f26566f8f0_0 .net "select", 2 0, v0x55f26567f0f0_0;  alias, 1 drivers
E_0x55f26566f070/0 .event edge, v0x55f26566b9b0_0, v0x55f26566f700_0, v0x55f26566f660_0, v0x55f26566c160_0;
E_0x55f26566f070/1 .event edge, v0x55f26566c200_0, v0x55f26566f110_0;
E_0x55f26566f070 .event/or E_0x55f26566f070/0, E_0x55f26566f070/1;
S_0x55f26566fbe0 .scope module, "muxer12" "mux8to1_1bit" 2 65, 2 26 0, S_0x55f26566ad70;
 .timescale 0 0;
    .port_info 0 /INPUT 1 "in0"
    .port_info 1 /INPUT 1 "in1"
    .port_info 2 /INPUT 1 "in2"
    .port_info 3 /INPUT 1 "in3"
    .port_info 4 /INPUT 1 "in4"
    .port_info 5 /INPUT 1 "in5"
    .port_info 6 /INPUT 1 "in6"
    .port_info 7 /INPUT 1 "in7"
    .port_info 8 /INPUT 3 "select"
    .port_info 9 /OUTPUT 1 "muxOut"
v0x55f26566ff00_0 .net "in0", 0 0, v0x55f26567a090_0;  alias, 1 drivers
v0x55f26566ffc0_0 .net "in1", 0 0, v0x55f26567baf0_0;  alias, 1 drivers
v0x55f265670080_0 .net "in2", 0 0, v0x55f26567baf0_0;  alias, 1 drivers
v0x55f2656701b0_0 .net "in3", 0 0, v0x55f26567baf0_0;  alias, 1 drivers
v0x55f265670250_0 .net "in4", 0 0, v0x55f265674600_0;  alias, 1 drivers
v0x55f2656702f0_0 .net "in5", 0 0, v0x55f265674600_0;  alias, 1 drivers
L_0x7f0aab1f37f8 .functor BUFT 1, C4<x>, C4<0>, C4<0>, C4<0>;
v0x55f265670390_0 .net "in6", 0 0, L_0x7f0aab1f37f8;  1 drivers
L_0x7f0aab1f3840 .functor BUFT 1, C4<x>, C4<0>, C4<0>, C4<0>;
v0x55f265670430_0 .net "in7", 0 0, L_0x7f0aab1f3840;  1 drivers
v0x55f2656704d0_0 .var "muxOut", 0 0;
v0x55f265670620_0 .net "select", 2 0, v0x55f26567f0f0_0;  alias, 1 drivers
E_0x55f26566fe60/0 .event edge, v0x55f26566b9b0_0, v0x55f265670430_0, v0x55f265670390_0, v0x55f26566cdc0_0;
E_0x55f26566fe60/1 .event edge, v0x55f26566b290_0, v0x55f26566b620_0;
E_0x55f26566fe60 .event/or E_0x55f26566fe60/0, E_0x55f26566fe60/1;
S_0x55f265670880 .scope module, "muxer13" "mux8to1_1bit" 2 66, 2 26 0, S_0x55f26566ad70;
 .timescale 0 0;
    .port_info 0 /INPUT 1 "in0"
    .port_info 1 /INPUT 1 "in1"
    .port_info 2 /INPUT 1 "in2"
    .port_info 3 /INPUT 1 "in3"
    .port_info 4 /INPUT 1 "in4"
    .port_info 5 /INPUT 1 "in5"
    .port_info 6 /INPUT 1 "in6"
    .port_info 7 /INPUT 1 "in7"
    .port_info 8 /INPUT 3 "select"
    .port_info 9 /OUTPUT 1 "muxOut"
v0x55f265670ba0_0 .net "in0", 0 0, v0x55f26567ada0_0;  alias, 1 drivers
v0x55f265670c60_0 .net "in1", 0 0, v0x55f26567c800_0;  alias, 1 drivers
v0x55f265670d20_0 .net "in2", 0 0, v0x55f26567c800_0;  alias, 1 drivers
v0x55f265670e10_0 .net "in3", 0 0, v0x55f26567c800_0;  alias, 1 drivers
v0x55f265670eb0_0 .net "in4", 0 0, v0x55f265679330_0;  alias, 1 drivers
v0x55f265670fa0_0 .net "in5", 0 0, v0x55f265679330_0;  alias, 1 drivers
L_0x7f0aab1f3888 .functor BUFT 1, C4<x>, C4<0>, C4<0>, C4<0>;
v0x55f265671090_0 .net "in6", 0 0, L_0x7f0aab1f3888;  1 drivers
L_0x7f0aab1f38d0 .functor BUFT 1, C4<x>, C4<0>, C4<0>, C4<0>;
v0x55f265671130_0 .net "in7", 0 0, L_0x7f0aab1f38d0;  1 drivers
v0x55f2656711d0_0 .var "muxOut", 0 0;
v0x55f265671300_0 .net "select", 2 0, v0x55f26567f0f0_0;  alias, 1 drivers
E_0x55f265670b00/0 .event edge, v0x55f26566b9b0_0, v0x55f265671130_0, v0x55f265671090_0, v0x55f26566f110_0;
E_0x55f265670b00/1 .event edge, v0x55f26566bf20_0, v0x55f26566c200_0;
E_0x55f265670b00 .event/or E_0x55f265670b00/0, E_0x55f265670b00/1;
S_0x55f265671540 .scope module, "muxer17" "mux8to1_1bit" 2 71, 2 26 0, S_0x55f26566ad70;
 .timescale 0 0;
    .port_info 0 /INPUT 1 "in0"
    .port_info 1 /INPUT 1 "in1"
    .port_info 2 /INPUT 1 "in2"
    .port_info 3 /INPUT 1 "in3"
    .port_info 4 /INPUT 1 "in4"
    .port_info 5 /INPUT 1 "in5"
    .port_info 6 /INPUT 1 "in6"
    .port_info 7 /INPUT 1 "in7"
    .port_info 8 /INPUT 3 "select"
    .port_info 9 /OUTPUT 1 "muxOut"
v0x55f2656718f0_0 .net "in0", 0 0, v0x55f26567e280_0;  alias, 1 drivers
v0x55f2656719d0_0 .net "in1", 0 0, v0x55f2656711d0_0;  alias, 1 drivers
v0x55f265671a90_0 .net "in2", 0 0, v0x55f2656711d0_0;  alias, 1 drivers
v0x55f265671b30_0 .net "in3", 0 0, v0x55f2656711d0_0;  alias, 1 drivers
L_0x7f0aab1f3ba0 .functor BUFT 1, C4<0>, C4<0>, C4<0>, C4<0>;
v0x55f265671bd0_0 .net "in4", 0 0, L_0x7f0aab1f3ba0;  1 drivers
v0x55f265671cc0_0 .net "in5", 0 0, v0x55f2656711d0_0;  alias, 1 drivers
L_0x7f0aab1f3be8 .functor BUFT 1, C4<x>, C4<0>, C4<0>, C4<0>;
v0x55f265671df0_0 .net "in6", 0 0, L_0x7f0aab1f3be8;  1 drivers
L_0x7f0aab1f3c30 .functor BUFT 1, C4<x>, C4<0>, C4<0>, C4<0>;
v0x55f265671e90_0 .net "in7", 0 0, L_0x7f0aab1f3c30;  1 drivers
v0x55f265671f30_0 .var "muxOut", 0 0;
v0x55f265672080_0 .net "select", 2 0, v0x55f26567f7f0_0;  alias, 1 drivers
E_0x55f265671850/0 .event edge, v0x55f265672080_0, v0x55f265671e90_0, v0x55f265671df0_0, v0x55f2656711d0_0;
E_0x55f265671850/1 .event edge, v0x55f265671bd0_0, v0x55f2656718f0_0;
E_0x55f265671850 .event/or E_0x55f265671850/0, E_0x55f265671850/1;
S_0x55f265672300 .scope module, "muxer18" "mux8to1_1bit" 2 72, 2 26 0, S_0x55f26566ad70;
 .timescale 0 0;
    .port_info 0 /INPUT 1 "in0"
    .port_info 1 /INPUT 1 "in1"
    .port_info 2 /INPUT 1 "in2"
    .port_info 3 /INPUT 1 "in3"
    .port_info 4 /INPUT 1 "in4"
    .port_info 5 /INPUT 1 "in5"
    .port_info 6 /INPUT 1 "in6"
    .port_info 7 /INPUT 1 "in7"
    .port_info 8 /INPUT 3 "select"
    .port_info 9 /OUTPUT 1 "muxOut"
v0x55f265672620_0 .net "in0", 0 0, v0x55f26566ea40_0;  alias, 1 drivers
v0x55f2656726e0_0 .net "in1", 0 0, v0x55f26566b8f0_0;  alias, 1 drivers
v0x55f265672780_0 .net "in2", 0 0, v0x55f26566b8f0_0;  alias, 1 drivers
v0x55f265672820_0 .net "in3", 0 0, v0x55f26566b8f0_0;  alias, 1 drivers
L_0x7f0aab1f3c78 .functor BUFT 1, C4<0>, C4<0>, C4<0>, C4<0>;
v0x55f2656728c0_0 .net "in4", 0 0, L_0x7f0aab1f3c78;  1 drivers
v0x55f2656729b0_0 .net "in5", 0 0, v0x55f26566b8f0_0;  alias, 1 drivers
L_0x7f0aab1f3cc0 .functor BUFT 1, C4<x>, C4<0>, C4<0>, C4<0>;
v0x55f265672ae0_0 .net "in6", 0 0, L_0x7f0aab1f3cc0;  1 drivers
L_0x7f0aab1f3d08 .functor BUFT 1, C4<x>, C4<0>, C4<0>, C4<0>;
v0x55f265672b80_0 .net "in7", 0 0, L_0x7f0aab1f3d08;  1 drivers
v0x55f265672c20_0 .var "muxOut", 0 0;
v0x55f265672d70_0 .net "select", 2 0, v0x55f26567f7f0_0;  alias, 1 drivers
E_0x55f265672580/0 .event edge, v0x55f265672080_0, v0x55f265672b80_0, v0x55f265672ae0_0, v0x55f26566b8f0_0;
E_0x55f265672580/1 .event edge, v0x55f2656728c0_0, v0x55f26566ea40_0;
E_0x55f265672580 .event/or E_0x55f265672580/0, E_0x55f265672580/1;
S_0x55f265672fb0 .scope module, "muxer19" "mux8to1_1bit" 2 73, 2 26 0, S_0x55f26566ad70;
 .timescale 0 0;
    .port_info 0 /INPUT 1 "in0"
    .port_info 1 /INPUT 1 "in1"
    .port_info 2 /INPUT 1 "in2"
    .port_info 3 /INPUT 1 "in3"
    .port_info 4 /INPUT 1 "in4"
    .port_info 5 /INPUT 1 "in5"
    .port_info 6 /INPUT 1 "in6"
    .port_info 7 /INPUT 1 "in7"
    .port_info 8 /INPUT 3 "select"
    .port_info 9 /OUTPUT 1 "muxOut"
v0x55f2656732d0_0 .net "in0", 0 0, v0x55f26566f7a0_0;  alias, 1 drivers
v0x55f265673390_0 .net "in1", 0 0, v0x55f26566c510_0;  alias, 1 drivers
v0x55f265673430_0 .net "in2", 0 0, v0x55f26566c510_0;  alias, 1 drivers
v0x55f2656734d0_0 .net "in3", 0 0, v0x55f26566c510_0;  alias, 1 drivers
L_0x7f0aab1f3d50 .functor BUFT 1, C4<0>, C4<0>, C4<0>, C4<0>;
v0x55f265673570_0 .net "in4", 0 0, L_0x7f0aab1f3d50;  1 drivers
v0x55f265673660_0 .net "in5", 0 0, v0x55f26566c510_0;  alias, 1 drivers
L_0x7f0aab1f3d98 .functor BUFT 1, C4<x>, C4<0>, C4<0>, C4<0>;
v0x55f265673790_0 .net "in6", 0 0, L_0x7f0aab1f3d98;  1 drivers
L_0x7f0aab1f3de0 .functor BUFT 1, C4<x>, C4<0>, C4<0>, C4<0>;
v0x55f265673830_0 .net "in7", 0 0, L_0x7f0aab1f3de0;  1 drivers
v0x55f2656738d0_0 .var "muxOut", 0 0;
v0x55f265673a20_0 .net "select", 2 0, v0x55f26567f7f0_0;  alias, 1 drivers
E_0x55f265673230/0 .event edge, v0x55f265672080_0, v0x55f265673830_0, v0x55f265673790_0, v0x55f26566c510_0;
E_0x55f265673230/1 .event edge, v0x55f265673570_0, v0x55f26566f7a0_0;
E_0x55f265673230 .event/or E_0x55f265673230/0, E_0x55f265673230/1;
S_0x55f265673c80 .scope module, "muxer2" "mux8to1_1bit" 2 54, 2 26 0, S_0x55f26566ad70;
 .timescale 0 0;
    .port_info 0 /INPUT 1 "in0"
    .port_info 1 /INPUT 1 "in1"
    .port_info 2 /INPUT 1 "in2"
    .port_info 3 /INPUT 1 "in3"
    .port_info 4 /INPUT 1 "in4"
    .port_info 5 /INPUT 1 "in5"
    .port_info 6 /INPUT 1 "in6"
    .port_info 7 /INPUT 1 "in7"
    .port_info 8 /INPUT 3 "select"
    .port_info 9 /OUTPUT 1 "muxOut"
v0x55f265673fb0_0 .net "in0", 0 0, L_0x55f2656823b0;  1 drivers
v0x55f265674090_0 .net "in1", 0 0, L_0x55f265682480;  1 drivers
v0x55f265674150_0 .net "in2", 0 0, L_0x55f2656825a0;  1 drivers
v0x55f2656741f0_0 .net "in3", 0 0, L_0x55f265682670;  1 drivers
v0x55f2656742b0_0 .net "in4", 0 0, L_0x55f2656827a0;  1 drivers
v0x55f2656743c0_0 .net "in5", 0 0, L_0x55f265682870;  1 drivers
L_0x7f0aab1f3138 .functor BUFT 1, C4<x>, C4<0>, C4<0>, C4<0>;
v0x55f265674480_0 .net "in6", 0 0, L_0x7f0aab1f3138;  1 drivers
L_0x7f0aab1f3180 .functor BUFT 1, C4<x>, C4<0>, C4<0>, C4<0>;
v0x55f265674540_0 .net "in7", 0 0, L_0x7f0aab1f3180;  1 drivers
v0x55f265674600_0 .var "muxOut", 0 0;
v0x55f2656747c0_0 .net "select", 2 0, v0x55f26567ea60_0;  alias, 1 drivers
E_0x55f265673f00/0 .event edge, v0x55f26566dee0_0, v0x55f265674540_0, v0x55f265674480_0, v0x55f2656743c0_0;
E_0x55f265673f00/1 .event edge, v0x55f2656742b0_0, v0x55f2656741f0_0, v0x55f265674150_0, v0x55f265674090_0;
E_0x55f265673f00/2 .event edge, v0x55f265673fb0_0;
E_0x55f265673f00 .event/or E_0x55f265673f00/0, E_0x55f265673f00/1, E_0x55f265673f00/2;
S_0x55f265674a00 .scope module, "muxer20" "mux8to1_1bit" 2 74, 2 26 0, S_0x55f26566ad70;
 .timescale 0 0;
    .port_info 0 /INPUT 1 "in0"
    .port_info 1 /INPUT 1 "in1"
    .port_info 2 /INPUT 1 "in2"
    .port_info 3 /INPUT 1 "in3"
    .port_info 4 /INPUT 1 "in4"
    .port_info 5 /INPUT 1 "in5"
    .port_info 6 /INPUT 1 "in6"
    .port_info 7 /INPUT 1 "in7"
    .port_info 8 /INPUT 3 "select"
    .port_info 9 /OUTPUT 1 "muxOut"
v0x55f265674d20_0 .net "in0", 0 0, v0x55f2656704d0_0;  alias, 1 drivers
v0x55f265674de0_0 .net "in1", 0 0, v0x55f26566d150_0;  alias, 1 drivers
v0x55f265674e80_0 .net "in2", 0 0, v0x55f26566d150_0;  alias, 1 drivers
v0x55f265674f50_0 .net "in3", 0 0, v0x55f26566d150_0;  alias, 1 drivers
L_0x7f0aab1f3e28 .functor BUFT 1, C4<0>, C4<0>, C4<0>, C4<0>;
v0x55f265674ff0_0 .net "in4", 0 0, L_0x7f0aab1f3e28;  1 drivers
v0x55f2656750e0_0 .net "in5", 0 0, v0x55f26566d150_0;  alias, 1 drivers
L_0x7f0aab1f3e70 .functor BUFT 1, C4<x>, C4<0>, C4<0>, C4<0>;
v0x55f265675210_0 .net "in6", 0 0, L_0x7f0aab1f3e70;  1 drivers
L_0x7f0aab1f3eb8 .functor BUFT 1, C4<x>, C4<0>, C4<0>, C4<0>;
v0x55f2656752b0_0 .net "in7", 0 0, L_0x7f0aab1f3eb8;  1 drivers
v0x55f265675350_0 .var "muxOut", 0 0;
v0x55f2656754a0_0 .net "select", 2 0, v0x55f26567f7f0_0;  alias, 1 drivers
E_0x55f265674c80/0 .event edge, v0x55f265672080_0, v0x55f2656752b0_0, v0x55f265675210_0, v0x55f26566d150_0;
E_0x55f265674c80/1 .event edge, v0x55f265674ff0_0, v0x55f2656704d0_0;
E_0x55f265674c80 .event/or E_0x55f265674c80/0, E_0x55f265674c80/1;
S_0x55f265675700 .scope module, "muxer21" "mux8to1_1bit" 2 75, 2 26 0, S_0x55f26566ad70;
 .timescale 0 0;
    .port_info 0 /INPUT 1 "in0"
    .port_info 1 /INPUT 1 "in1"
    .port_info 2 /INPUT 1 "in2"
    .port_info 3 /INPUT 1 "in3"
    .port_info 4 /INPUT 1 "in4"
    .port_info 5 /INPUT 1 "in5"
    .port_info 6 /INPUT 1 "in6"
    .port_info 7 /INPUT 1 "in7"
    .port_info 8 /INPUT 3 "select"
    .port_info 9 /OUTPUT 1 "muxOut"
v0x55f265675a20_0 .net "in0", 0 0, v0x55f2656711d0_0;  alias, 1 drivers
v0x55f265675ae0_0 .net "in1", 0 0, v0x55f26566d150_0;  alias, 1 drivers
L_0x7f0aab1f3f00 .functor BUFT 1, C4<0>, C4<0>, C4<0>, C4<0>;
v0x55f265675ba0_0 .net "in2", 0 0, L_0x7f0aab1f3f00;  1 drivers
v0x55f265675c40_0 .net "in3", 0 0, v0x55f26567e280_0;  alias, 1 drivers
v0x55f265675ce0_0 .net "in4", 0 0, v0x55f26567e280_0;  alias, 1 drivers
v0x55f265675dd0_0 .net "in5", 0 0, v0x55f26567e280_0;  alias, 1 drivers
L_0x7f0aab1f3f48 .functor BUFT 1, C4<x>, C4<0>, C4<0>, C4<0>;
v0x55f265675e70_0 .net "in6", 0 0, L_0x7f0aab1f3f48;  1 drivers
L_0x7f0aab1f3f90 .functor BUFT 1, C4<x>, C4<0>, C4<0>, C4<0>;
v0x55f265675f10_0 .net "in7", 0 0, L_0x7f0aab1f3f90;  1 drivers
v0x55f265675fb0_0 .var "muxOut", 0 0;
v0x55f265676100_0 .net "select", 2 0, v0x55f26567f7f0_0;  alias, 1 drivers
E_0x55f265675980/0 .event edge, v0x55f265672080_0, v0x55f265675f10_0, v0x55f265675e70_0, v0x55f2656718f0_0;
E_0x55f265675980/1 .event edge, v0x55f265675ba0_0, v0x55f26566d150_0, v0x55f2656711d0_0;
E_0x55f265675980 .event/or E_0x55f265675980/0, E_0x55f265675980/1;
S_0x55f2656763f0 .scope module, "muxer22" "mux8to1_1bit" 2 76, 2 26 0, S_0x55f26566ad70;
 .timescale 0 0;
    .port_info 0 /INPUT 1 "in0"
    .port_info 1 /INPUT 1 "in1"
    .port_info 2 /INPUT 1 "in2"
    .port_info 3 /INPUT 1 "in3"
    .port_info 4 /INPUT 1 "in4"
    .port_info 5 /INPUT 1 "in5"
    .port_info 6 /INPUT 1 "in6"
    .port_info 7 /INPUT 1 "in7"
    .port_info 8 /INPUT 3 "select"
    .port_info 9 /OUTPUT 1 "muxOut"
v0x55f265676710_0 .net "in0", 0 0, v0x55f26566b8f0_0;  alias, 1 drivers
v0x55f2656767d0_0 .net "in1", 0 0, v0x55f26566d150_0;  alias, 1 drivers
L_0x7f0aab1f3fd8 .functor BUFT 1, C4<0>, C4<0>, C4<0>, C4<0>;
v0x55f265676890_0 .net "in2", 0 0, L_0x7f0aab1f3fd8;  1 drivers
v0x55f265676930_0 .net "in3", 0 0, v0x55f26566ea40_0;  alias, 1 drivers
v0x55f2656769d0_0 .net "in4", 0 0, v0x55f26566ea40_0;  alias, 1 drivers
v0x55f265676ac0_0 .net "in5", 0 0, v0x55f26566ea40_0;  alias, 1 drivers
L_0x7f0aab1f4020 .functor BUFT 1, C4<x>, C4<0>, C4<0>, C4<0>;
v0x55f265676bf0_0 .net "in6", 0 0, L_0x7f0aab1f4020;  1 drivers
L_0x7f0aab1f4068 .functor BUFT 1, C4<x>, C4<0>, C4<0>, C4<0>;
v0x55f265676c90_0 .net "in7", 0 0, L_0x7f0aab1f4068;  1 drivers
v0x55f265676d50_0 .var "muxOut", 0 0;
v0x55f265676ea0_0 .net "select", 2 0, v0x55f26567f7f0_0;  alias, 1 drivers
E_0x55f265676670/0 .event edge, v0x55f265672080_0, v0x55f265676c90_0, v0x55f265676bf0_0, v0x55f26566ea40_0;
E_0x55f265676670/1 .event edge, v0x55f265676890_0, v0x55f26566d150_0, v0x55f26566b8f0_0;
E_0x55f265676670 .event/or E_0x55f265676670/0, E_0x55f265676670/1;
S_0x55f265677100 .scope module, "muxer23" "mux8to1_1bit" 2 77, 2 26 0, S_0x55f26566ad70;
 .timescale 0 0;
    .port_info 0 /INPUT 1 "in0"
    .port_info 1 /INPUT 1 "in1"
    .port_info 2 /INPUT 1 "in2"
    .port_info 3 /INPUT 1 "in3"
    .port_info 4 /INPUT 1 "in4"
    .port_info 5 /INPUT 1 "in5"
    .port_info 6 /INPUT 1 "in6"
    .port_info 7 /INPUT 1 "in7"
    .port_info 8 /INPUT 3 "select"
    .port_info 9 /OUTPUT 1 "muxOut"
v0x55f265677420_0 .net "in0", 0 0, v0x55f26566c510_0;  alias, 1 drivers
v0x55f2656774e0_0 .net "in1", 0 0, v0x55f26566d150_0;  alias, 1 drivers
L_0x7f0aab1f40b0 .functor BUFT 1, C4<0>, C4<0>, C4<0>, C4<0>;
v0x55f2656775a0_0 .net "in2", 0 0, L_0x7f0aab1f40b0;  1 drivers
v0x55f265677640_0 .net "in3", 0 0, v0x55f26566f7a0_0;  alias, 1 drivers
v0x55f2656776e0_0 .net "in4", 0 0, v0x55f26566f7a0_0;  alias, 1 drivers
v0x55f2656777d0_0 .net "in5", 0 0, v0x55f26566f7a0_0;  alias, 1 drivers
L_0x7f0aab1f40f8 .functor BUFT 1, C4<x>, C4<0>, C4<0>, C4<0>;
v0x55f265677900_0 .net "in6", 0 0, L_0x7f0aab1f40f8;  1 drivers
L_0x7f0aab1f4140 .functor BUFT 1, C4<x>, C4<0>, C4<0>, C4<0>;
v0x55f2656779a0_0 .net "in7", 0 0, L_0x7f0aab1f4140;  1 drivers
v0x55f265677a60_0 .var "muxOut", 0 0;
v0x55f265677bb0_0 .net "select", 2 0, v0x55f26567f7f0_0;  alias, 1 drivers
E_0x55f265677380/0 .event edge, v0x55f265672080_0, v0x55f2656779a0_0, v0x55f265677900_0, v0x55f26566f7a0_0;
E_0x55f265677380/1 .event edge, v0x55f2656775a0_0, v0x55f26566d150_0, v0x55f26566c510_0;
E_0x55f265677380 .event/or E_0x55f265677380/0, E_0x55f265677380/1;
S_0x55f265677e10 .scope module, "muxer24" "mux8to1_1bit" 2 78, 2 26 0, S_0x55f26566ad70;
 .timescale 0 0;
    .port_info 0 /INPUT 1 "in0"
    .port_info 1 /INPUT 1 "in1"
    .port_info 2 /INPUT 1 "in2"
    .port_info 3 /INPUT 1 "in3"
    .port_info 4 /INPUT 1 "in4"
    .port_info 5 /INPUT 1 "in5"
    .port_info 6 /INPUT 1 "in6"
    .port_info 7 /INPUT 1 "in7"
    .port_info 8 /INPUT 3 "select"
    .port_info 9 /OUTPUT 1 "muxOut"
v0x55f265678130_0 .net "in0", 0 0, v0x55f26566d150_0;  alias, 1 drivers
v0x55f2656781f0_0 .net "in1", 0 0, v0x55f26566d150_0;  alias, 1 drivers
L_0x7f0aab1f4188 .functor BUFT 1, C4<0>, C4<0>, C4<0>, C4<0>;
v0x55f2656782b0_0 .net "in2", 0 0, L_0x7f0aab1f4188;  1 drivers
v0x55f265678350_0 .net "in3", 0 0, v0x55f2656704d0_0;  alias, 1 drivers
v0x55f2656783f0_0 .net "in4", 0 0, v0x55f2656704d0_0;  alias, 1 drivers
v0x55f2656784e0_0 .net "in5", 0 0, v0x55f2656704d0_0;  alias, 1 drivers
L_0x7f0aab1f41d0 .functor BUFT 1, C4<x>, C4<0>, C4<0>, C4<0>;
v0x55f265678580_0 .net "in6", 0 0, L_0x7f0aab1f41d0;  1 drivers
L_0x7f0aab1f4218 .functor BUFT 1, C4<x>, C4<0>, C4<0>, C4<0>;
v0x55f265678620_0 .net "in7", 0 0, L_0x7f0aab1f4218;  1 drivers
v0x55f2656786e0_0 .var "muxOut", 0 0;
v0x55f2656787a0_0 .net "select", 2 0, v0x55f26567f7f0_0;  alias, 1 drivers
E_0x55f265678090/0 .event edge, v0x55f265672080_0, v0x55f265678620_0, v0x55f265678580_0, v0x55f2656704d0_0;
E_0x55f265678090/1 .event edge, v0x55f2656782b0_0, v0x55f26566d150_0;
E_0x55f265678090 .event/or E_0x55f265678090/0, E_0x55f265678090/1;
S_0x55f265678a00 .scope module, "muxer3" "mux8to1_1bit" 2 55, 2 26 0, S_0x55f26566ad70;
 .timescale 0 0;
    .port_info 0 /INPUT 1 "in0"
    .port_info 1 /INPUT 1 "in1"
    .port_info 2 /INPUT 1 "in2"
    .port_info 3 /INPUT 1 "in3"
    .port_info 4 /INPUT 1 "in4"
    .port_info 5 /INPUT 1 "in5"
    .port_info 6 /INPUT 1 "in6"
    .port_info 7 /INPUT 1 "in7"
    .port_info 8 /INPUT 3 "select"
    .port_info 9 /OUTPUT 1 "muxOut"
v0x55f265678d30_0 .net "in0", 0 0, L_0x55f2656829e0;  1 drivers
v0x55f265678e10_0 .net "in1", 0 0, L_0x55f265682ab0;  1 drivers
v0x55f265678ed0_0 .net "in2", 0 0, L_0x55f265682c00;  1 drivers
v0x55f265678f70_0 .net "in3", 0 0, L_0x55f265682cd0;  1 drivers
v0x55f265679030_0 .net "in4", 0 0, L_0x55f265682e30;  1 drivers
v0x55f2656790f0_0 .net "in5", 0 0, L_0x55f265682f00;  1 drivers
L_0x7f0aab1f31c8 .functor BUFT 1, C4<x>, C4<0>, C4<0>, C4<0>;
v0x55f2656791b0_0 .net "in6", 0 0, L_0x7f0aab1f31c8;  1 drivers
L_0x7f0aab1f3210 .functor BUFT 1, C4<x>, C4<0>, C4<0>, C4<0>;
v0x55f265679270_0 .net "in7", 0 0, L_0x7f0aab1f3210;  1 drivers
v0x55f265679330_0 .var "muxOut", 0 0;
v0x55f265679460_0 .net "select", 2 0, v0x55f26567ea60_0;  alias, 1 drivers
E_0x55f265678c80/0 .event edge, v0x55f26566dee0_0, v0x55f265679270_0, v0x55f2656791b0_0, v0x55f2656790f0_0;
E_0x55f265678c80/1 .event edge, v0x55f265679030_0, v0x55f265678f70_0, v0x55f265678ed0_0, v0x55f265678e10_0;
E_0x55f265678c80/2 .event edge, v0x55f265678d30_0;
E_0x55f265678c80 .event/or E_0x55f265678c80/0, E_0x55f265678c80/1, E_0x55f265678c80/2;
S_0x55f2656796c0 .scope module, "muxer4" "mux8to1_1bit" 2 56, 2 26 0, S_0x55f26566ad70;
 .timescale 0 0;
    .port_info 0 /INPUT 1 "in0"
    .port_info 1 /INPUT 1 "in1"
    .port_info 2 /INPUT 1 "in2"
    .port_info 3 /INPUT 1 "in3"
    .port_info 4 /INPUT 1 "in4"
    .port_info 5 /INPUT 1 "in5"
    .port_info 6 /INPUT 1 "in6"
    .port_info 7 /INPUT 1 "in7"
    .port_info 8 /INPUT 3 "select"
    .port_info 9 /OUTPUT 1 "muxOut"
v0x55f265679a40_0 .net "in0", 0 0, L_0x55f2656830d0;  1 drivers
v0x55f265679b20_0 .net "in1", 0 0, L_0x55f2656831a0;  1 drivers
v0x55f265679be0_0 .net "in2", 0 0, L_0x55f265682fd0;  1 drivers
v0x55f265679c80_0 .net "in3", 0 0, L_0x55f265683350;  1 drivers
v0x55f265679d40_0 .net "in4", 0 0, L_0x55f2656834e0;  1 drivers
v0x55f265679e50_0 .net "in5", 0 0, L_0x55f2656835b0;  1 drivers
L_0x7f0aab1f3258 .functor BUFT 1, C4<x>, C4<0>, C4<0>, C4<0>;
v0x55f265679f10_0 .net "in6", 0 0, L_0x7f0aab1f3258;  1 drivers
L_0x7f0aab1f32a0 .functor BUFT 1, C4<x>, C4<0>, C4<0>, C4<0>;
v0x55f265679fd0_0 .net "in7", 0 0, L_0x7f0aab1f32a0;  1 drivers
v0x55f26567a090_0 .var "muxOut", 0 0;
v0x55f26567a1c0_0 .net "select", 2 0, v0x55f26567ea60_0;  alias, 1 drivers
E_0x55f265679990/0 .event edge, v0x55f26566dee0_0, v0x55f265679fd0_0, v0x55f265679f10_0, v0x55f265679e50_0;
E_0x55f265679990/1 .event edge, v0x55f265679d40_0, v0x55f265679c80_0, v0x55f265679be0_0, v0x55f265679b20_0;
E_0x55f265679990/2 .event edge, v0x55f265679a40_0;
E_0x55f265679990 .event/or E_0x55f265679990/0, E_0x55f265679990/1, E_0x55f265679990/2;
S_0x55f26567a420 .scope module, "muxer5" "mux8to1_1bit" 2 57, 2 26 0, S_0x55f26566ad70;
 .timescale 0 0;
    .port_info 0 /INPUT 1 "in0"
    .port_info 1 /INPUT 1 "in1"
    .port_info 2 /INPUT 1 "in2"
    .port_info 3 /INPUT 1 "in3"
    .port_info 4 /INPUT 1 "in4"
    .port_info 5 /INPUT 1 "in5"
    .port_info 6 /INPUT 1 "in6"
    .port_info 7 /INPUT 1 "in7"
    .port_info 8 /INPUT 3 "select"
    .port_info 9 /OUTPUT 1 "muxOut"
v0x55f26567a750_0 .net "in0", 0 0, L_0x55f2656837b0;  1 drivers
v0x55f26567a830_0 .net "in1", 0 0, L_0x55f265683880;  1 drivers
v0x55f26567a8f0_0 .net "in2", 0 0, L_0x55f265683a30;  1 drivers
v0x55f26567a990_0 .net "in3", 0 0, L_0x55f265683b00;  1 drivers
v0x55f26567aa50_0 .net "in4", 0 0, L_0x55f265683cc0;  1 drivers
v0x55f26567ab60_0 .net "in5", 0 0, L_0x55f265683d90;  1 drivers
L_0x7f0aab1f32e8 .functor BUFT 1, C4<x>, C4<0>, C4<0>, C4<0>;
v0x55f26567ac20_0 .net "in6", 0 0, L_0x7f0aab1f32e8;  1 drivers
L_0x7f0aab1f3330 .functor BUFT 1, C4<x>, C4<0>, C4<0>, C4<0>;
v0x55f26567ace0_0 .net "in7", 0 0, L_0x7f0aab1f3330;  1 drivers
v0x55f26567ada0_0 .var "muxOut", 0 0;
v0x55f26567aed0_0 .net "select", 2 0, v0x55f26567ea60_0;  alias, 1 drivers
E_0x55f26567a6a0/0 .event edge, v0x55f26566dee0_0, v0x55f26567ace0_0, v0x55f26567ac20_0, v0x55f26567ab60_0;
E_0x55f26567a6a0/1 .event edge, v0x55f26567aa50_0, v0x55f26567a990_0, v0x55f26567a8f0_0, v0x55f26567a830_0;
E_0x55f26567a6a0/2 .event edge, v0x55f26567a750_0;
E_0x55f26567a6a0 .event/or E_0x55f26567a6a0/0, E_0x55f26567a6a0/1, E_0x55f26567a6a0/2;
S_0x55f26567b1c0 .scope module, "muxer6" "mux8to1_1bit" 2 58, 2 26 0, S_0x55f26566ad70;
 .timescale 0 0;
    .port_info 0 /INPUT 1 "in0"
    .port_info 1 /INPUT 1 "in1"
    .port_info 2 /INPUT 1 "in2"
    .port_info 3 /INPUT 1 "in3"
    .port_info 4 /INPUT 1 "in4"
    .port_info 5 /INPUT 1 "in5"
    .port_info 6 /INPUT 1 "in6"
    .port_info 7 /INPUT 1 "in7"
    .port_info 8 /INPUT 3 "select"
    .port_info 9 /OUTPUT 1 "muxOut"
v0x55f26567b4f0_0 .net "in0", 0 0, L_0x55f265684370;  1 drivers
v0x55f26567b5d0_0 .net "in1", 0 0, L_0x55f265684410;  1 drivers
v0x55f26567b690_0 .net "in2", 0 0, L_0x55f2656845c0;  1 drivers
v0x55f26567b730_0 .net "in3", 0 0, L_0x55f265684690;  1 drivers
v0x55f26567b7f0_0 .net "in4", 0 0, L_0x55f265684880;  1 drivers
v0x55f26567b8b0_0 .net "in5", 0 0, L_0x55f265684950;  1 drivers
L_0x7f0aab1f3378 .functor BUFT 1, C4<x>, C4<0>, C4<0>, C4<0>;
v0x55f26567b970_0 .net "in6", 0 0, L_0x7f0aab1f3378;  1 drivers
L_0x7f0aab1f33c0 .functor BUFT 1, C4<x>, C4<0>, C4<0>, C4<0>;
v0x55f26567ba30_0 .net "in7", 0 0, L_0x7f0aab1f33c0;  1 drivers
v0x55f26567baf0_0 .var "muxOut", 0 0;
v0x55f26567bc20_0 .net "select", 2 0, v0x55f26567ea60_0;  alias, 1 drivers
E_0x55f26567b440/0 .event edge, v0x55f26566dee0_0, v0x55f26567ba30_0, v0x55f26567b970_0, v0x55f26567b8b0_0;
E_0x55f26567b440/1 .event edge, v0x55f26567b7f0_0, v0x55f26567b730_0, v0x55f26567b690_0, v0x55f26567b5d0_0;
E_0x55f26567b440/2 .event edge, v0x55f26567b4f0_0;
E_0x55f26567b440 .event/or E_0x55f26567b440/0, E_0x55f26567b440/1, E_0x55f26567b440/2;
S_0x55f26567be80 .scope module, "muxer7" "mux8to1_1bit" 2 59, 2 26 0, S_0x55f26566ad70;
 .timescale 0 0;
    .port_info 0 /INPUT 1 "in0"
    .port_info 1 /INPUT 1 "in1"
    .port_info 2 /INPUT 1 "in2"
    .port_info 3 /INPUT 1 "in3"
    .port_info 4 /INPUT 1 "in4"
    .port_info 5 /INPUT 1 "in5"
    .port_info 6 /INPUT 1 "in6"
    .port_info 7 /INPUT 1 "in7"
    .port_info 8 /INPUT 3 "select"
    .port_info 9 /OUTPUT 1 "muxOut"
v0x55f26567c1b0_0 .net "in0", 0 0, L_0x55f2656847c0;  1 drivers
v0x55f26567c290_0 .net "in1", 0 0, L_0x55f265684b80;  1 drivers
v0x55f26567c350_0 .net "in2", 0 0, L_0x55f265684d90;  1 drivers
v0x55f26567c3f0_0 .net "in3", 0 0, L_0x55f265684e60;  1 drivers
v0x55f26567c4b0_0 .net "in4", 0 0, L_0x55f265685080;  1 drivers
v0x55f26567c5c0_0 .net "in5", 0 0, L_0x55f265685150;  1 drivers
L_0x7f0aab1f3408 .functor BUFT 1, C4<x>, C4<0>, C4<0>, C4<0>;
v0x55f26567c680_0 .net "in6", 0 0, L_0x7f0aab1f3408;  1 drivers
L_0x7f0aab1f3450 .functor BUFT 1, C4<x>, C4<0>, C4<0>, C4<0>;
v0x55f26567c740_0 .net "in7", 0 0, L_0x7f0aab1f3450;  1 drivers
v0x55f26567c800_0 .var "muxOut", 0 0;
v0x55f26567c9c0_0 .net "select", 2 0, v0x55f26567ea60_0;  alias, 1 drivers
E_0x55f26567c100/0 .event edge, v0x55f26566dee0_0, v0x55f26567c740_0, v0x55f26567c680_0, v0x55f26567c5c0_0;
E_0x55f26567c100/1 .event edge, v0x55f26567c4b0_0, v0x55f26567c3f0_0, v0x55f26567c350_0, v0x55f26567c290_0;
E_0x55f26567c100/2 .event edge, v0x55f26567c1b0_0;
E_0x55f26567c100 .event/or E_0x55f26567c100/0, E_0x55f26567c100/1, E_0x55f26567c100/2;
S_0x55f26567cc20 .scope module, "muxer8" "mux8to1_1bit" 2 60, 2 26 0, S_0x55f26566ad70;
 .timescale 0 0;
    .port_info 0 /INPUT 1 "in0"
    .port_info 1 /INPUT 1 "in1"
    .port_info 2 /INPUT 1 "in2"
    .port_info 3 /INPUT 1 "in3"
    .port_info 4 /INPUT 1 "in4"
    .port_info 5 /INPUT 1 "in5"
    .port_info 6 /INPUT 1 "in6"
    .port_info 7 /INPUT 1 "in7"
    .port_info 8 /INPUT 3 "select"
    .port_info 9 /OUTPUT 1 "muxOut"
v0x55f26567cf50_0 .net "in0", 0 0, L_0x55f2656853e0;  1 drivers
v0x55f26567d030_0 .net "in1", 0 0, L_0x55f2656854b0;  1 drivers
L_0x7f0aab1f3498 .functor BUFT 1, C4<0>, C4<0>, C4<0>, C4<0>;
v0x55f26567d0f0_0 .net "in2", 0 0, L_0x7f0aab1f3498;  1 drivers
v0x55f26567d190_0 .net "in3", 0 0, L_0x55f265685720;  1 drivers
v0x55f26567d250_0 .net "in4", 0 0, L_0x55f2656857f0;  1 drivers
v0x55f26567d310_0 .net "in5", 0 0, L_0x55f265685a40;  1 drivers
L_0x7f0aab1f34e0 .functor BUFT 1, C4<x>, C4<0>, C4<0>, C4<0>;
v0x55f26567d3d0_0 .net "in6", 0 0, L_0x7f0aab1f34e0;  1 drivers
L_0x7f0aab1f3528 .functor BUFT 1, C4<x>, C4<0>, C4<0>, C4<0>;
v0x55f26567d490_0 .net "in7", 0 0, L_0x7f0aab1f3528;  1 drivers
v0x55f26567d550_0 .var "muxOut", 0 0;
v0x55f26567d680_0 .net "select", 2 0, v0x55f26567ea60_0;  alias, 1 drivers
E_0x55f26567cea0/0 .event edge, v0x55f26566dee0_0, v0x55f26567d490_0, v0x55f26567d3d0_0, v0x55f26567d310_0;
E_0x55f26567cea0/1 .event edge, v0x55f26567d250_0, v0x55f26567d190_0, v0x55f26567d0f0_0, v0x55f26567d030_0;
E_0x55f26567cea0/2 .event edge, v0x55f26567cf50_0;
E_0x55f26567cea0 .event/or E_0x55f26567cea0/0, E_0x55f26567cea0/1, E_0x55f26567cea0/2;
S_0x55f26567d8e0 .scope module, "muxer9" "mux8to1_1bit" 2 62, 2 26 0, S_0x55f26566ad70;
 .timescale 0 0;
    .port_info 0 /INPUT 1 "in0"
    .port_info 1 /INPUT 1 "in1"
    .port_info 2 /INPUT 1 "in2"
    .port_info 3 /INPUT 1 "in3"
    .port_info 4 /INPUT 1 "in4"
    .port_info 5 /INPUT 1 "in5"
    .port_info 6 /INPUT 1 "in6"
    .port_info 7 /INPUT 1 "in7"
    .port_info 8 /INPUT 3 "select"
    .port_info 9 /OUTPUT 1 "muxOut"
v0x55f26567dc00_0 .net "in0", 0 0, v0x55f26566de40_0;  alias, 1 drivers
v0x55f26567dd50_0 .net "in1", 0 0, v0x55f265679330_0;  alias, 1 drivers
v0x55f26567dea0_0 .net "in2", 0 0, v0x55f265679330_0;  alias, 1 drivers
v0x55f26567df40_0 .net "in3", 0 0, v0x55f265679330_0;  alias, 1 drivers
L_0x7f0aab1f35b8 .functor BUFT 1, C4<0>, C4<0>, C4<0>, C4<0>;
v0x55f26567dfe0_0 .net "in4", 0 0, L_0x7f0aab1f35b8;  1 drivers
v0x55f26567e080_0 .net "in5", 0 0, v0x55f26567c800_0;  alias, 1 drivers
L_0x7f0aab1f3600 .functor BUFT 1, C4<x>, C4<0>, C4<0>, C4<0>;
v0x55f26567e120_0 .net "in6", 0 0, L_0x7f0aab1f3600;  1 drivers
L_0x7f0aab1f3648 .functor BUFT 1, C4<x>, C4<0>, C4<0>, C4<0>;
v0x55f26567e1c0_0 .net "in7", 0 0, L_0x7f0aab1f3648;  1 drivers
v0x55f26567e280_0 .var "muxOut", 0 0;
v0x55f26567e440_0 .net "select", 2 0, v0x55f26567f0f0_0;  alias, 1 drivers
E_0x55f26567db60/0 .event edge, v0x55f26566b9b0_0, v0x55f26567e1c0_0, v0x55f26567e120_0, v0x55f26566bf20_0;
E_0x55f26567db60/1 .event edge, v0x55f26567dfe0_0, v0x55f26566f110_0, v0x55f26566c160_0;
E_0x55f26567db60 .event/or E_0x55f26567db60/0, E_0x55f26567db60/1;
S_0x55f26567e6a0 .scope module, "mxer1" "mux2to1_3bit" 2 52, 2 4 0, S_0x55f26566ad70;
 .timescale 0 0;
    .port_info 0 /INPUT 3 "in0"
    .port_info 1 /INPUT 3 "in1"
    .port_info 2 /INPUT 1 "select"
    .port_info 3 /OUTPUT 3 "muxOut"
L_0x7f0aab1f3018 .functor BUFT 1, C4<000>, C4<0>, C4<0>, C4<0>;
v0x55f26567e8a0_0 .net "in0", 2 0, L_0x7f0aab1f3018;  1 drivers
v0x55f26567e9a0_0 .net "in1", 2 0, v0x55f265681600_0;  alias, 1 drivers
v0x55f26567ea60_0 .var "muxOut", 2 0;
v0x55f26567ec10_0 .net "select", 0 0, L_0x55f265681d80;  1 drivers
E_0x55f26567e820 .event edge, v0x55f26567e8a0_0, v0x55f26563e530_0, v0x55f26567ec10_0;
S_0x55f26567ed30 .scope module, "mxer2" "mux2to1_3bit" 2 61, 2 4 0, S_0x55f26566ad70;
 .timescale 0 0;
    .port_info 0 /INPUT 3 "in0"
    .port_info 1 /INPUT 3 "in1"
    .port_info 2 /INPUT 1 "select"
    .port_info 3 /OUTPUT 3 "muxOut"
L_0x7f0aab1f3570 .functor BUFT 1, C4<000>, C4<0>, C4<0>, C4<0>;
v0x55f26567ef30_0 .net "in0", 2 0, L_0x7f0aab1f3570;  1 drivers
v0x55f26567f030_0 .net "in1", 2 0, v0x55f265681600_0;  alias, 1 drivers
v0x55f26567f0f0_0 .var "muxOut", 2 0;
v0x55f26567f2a0_0 .net "select", 0 0, L_0x55f265685ba0;  1 drivers
E_0x55f26567eeb0 .event edge, v0x55f26567ef30_0, v0x55f26563e530_0, v0x55f26567f2a0_0;
S_0x55f26567f3e0 .scope module, "mxer3" "mux2to1_3bit" 2 70, 2 4 0, S_0x55f26566ad70;
 .timescale 0 0;
    .port_info 0 /INPUT 3 "in0"
    .port_info 1 /INPUT 3 "in1"
    .port_info 2 /INPUT 1 "select"
    .port_info 3 /OUTPUT 3 "muxOut"
L_0x7f0aab1f3b58 .functor BUFT 1, C4<000>, C4<0>, C4<0>, C4<0>;
v0x55f26567f630_0 .net "in0", 2 0, L_0x7f0aab1f3b58;  1 drivers
v0x55f26567f730_0 .net "in1", 2 0, v0x55f265681600_0;  alias, 1 drivers
v0x55f26567f7f0_0 .var "muxOut", 2 0;
v0x55f26567f9a0_0 .net "select", 0 0, L_0x55f2656861f0;  1 drivers
E_0x55f26567f5b0 .event edge, v0x55f26567f630_0, v0x55f26563e530_0, v0x55f26567f9a0_0;
    .scope S_0x55f26566a710;
T_0 ;
    %wait E_0x55f2655dcdb0;
    %load/vec4 v0x55f26566ac00_0;
    %flag_set/vec4 8;
    %jmp/0 T_0.0, 8;
    %load/vec4 v0x55f26566aa30_0;
    %jmp/1 T_0.1, 8;
T_0.0 ; End of true expr.
    %load/vec4 v0x55f26566a930_0;
    %jmp/0 T_0.1, 8;
 ; End of false expr.
    %blend;
T_0.1;
    %store/vec4 v0x55f26566ab10_0, 0, 3;
    %jmp T_0;
    .thread T_0, $push;
    .scope S_0x55f26567e6a0;
T_1 ;
    %wait E_0x55f26567e820;
    %load/vec4 v0x55f26567ec10_0;
    %flag_set/vec4 8;
    %jmp/0 T_1.0, 8;
    %load/vec4 v0x55f26567e9a0_0;
    %jmp/1 T_1.1, 8;
T_1.0 ; End of true expr.
    %load/vec4 v0x55f26567e8a0_0;
    %jmp/0 T_1.1, 8;
 ; End of false expr.
    %blend;
T_1.1;
    %store/vec4 v0x55f26567ea60_0, 0, 3;
    %jmp T_1;
    .thread T_1, $push;
    .scope S_0x55f26566d470;
T_2 ;
    %wait E_0x55f26566d740;
    %load/vec4 v0x55f26566dee0_0;
    %dup/vec4;
    %pushi/vec4 0, 0, 3;
    %cmp/u;
    %jmp/1 T_2.0, 6;
    %dup/vec4;
    %pushi/vec4 1, 0, 3;
    %cmp/u;
    %jmp/1 T_2.1, 6;
    %dup/vec4;
    %pushi/vec4 2, 0, 3;
    %cmp/u;
    %jmp/1 T_2.2, 6;
    %dup/vec4;
    %pushi/vec4 3, 0, 3;
    %cmp/u;
    %jmp/1 T_2.3, 6;
    %dup/vec4;
    %pushi/vec4 4, 0, 3;
    %cmp/u;
    %jmp/1 T_2.4, 6;
    %dup/vec4;
    %pushi/vec4 5, 0, 3;
    %cmp/u;
    %jmp/1 T_2.5, 6;
    %dup/vec4;
    %pushi/vec4 6, 0, 3;
    %cmp/u;
    %jmp/1 T_2.6, 6;
    %dup/vec4;
    %pushi/vec4 7, 0, 3;
    %cmp/u;
    %jmp/1 T_2.7, 6;
    %jmp T_2.8;
T_2.0 ;
    %load/vec4 v0x55f26566d7f0_0;
    %store/vec4 v0x55f26566de40_0, 0, 1;
    %jmp T_2.8;
T_2.1 ;
    %load/vec4 v0x55f26566d8d0_0;
    %store/vec4 v0x55f26566de40_0, 0, 1;
    %jmp T_2.8;
T_2.2 ;
    %load/vec4 v0x55f26566d990_0;
    %store/vec4 v0x55f26566de40_0, 0, 1;
    %jmp T_2.8;
T_2.3 ;
    %load/vec4 v0x55f26566da30_0;
    %store/vec4 v0x55f26566de40_0, 0, 1;
    %jmp T_2.8;
T_2.4 ;
    %load/vec4 v0x55f26566daf0_0;
    %store/vec4 v0x55f26566de40_0, 0, 1;
    %jmp T_2.8;
T_2.5 ;
    %load/vec4 v0x55f26566dc00_0;
    %store/vec4 v0x55f26566de40_0, 0, 1;
    %jmp T_2.8;
T_2.6 ;
    %load/vec4 v0x55f26566dcc0_0;
    %store/vec4 v0x55f26566de40_0, 0, 1;
    %jmp T_2.8;
T_2.7 ;
    %load/vec4 v0x55f26566dd80_0;
    %store/vec4 v0x55f26566de40_0, 0, 1;
    %jmp T_2.8;
T_2.8 ;
    %pop/vec4 1;
    %jmp T_2;
    .thread T_2, $push;
    .scope S_0x55f265673c80;
T_3 ;
    %wait E_0x55f265673f00;
    %load/vec4 v0x55f2656747c0_0;
    %dup/vec4;
    %pushi/vec4 0, 0, 3;
    %cmp/u;
    %jmp/1 T_3.0, 6;
    %dup/vec4;
    %pushi/vec4 1, 0, 3;
    %cmp/u;
    %jmp/1 T_3.1, 6;
    %dup/vec4;
    %pushi/vec4 2, 0, 3;
    %cmp/u;
    %jmp/1 T_3.2, 6;
    %dup/vec4;
    %pushi/vec4 3, 0, 3;
    %cmp/u;
    %jmp/1 T_3.3, 6;
    %dup/vec4;
    %pushi/vec4 4, 0, 3;
    %cmp/u;
    %jmp/1 T_3.4, 6;
    %dup/vec4;
    %pushi/vec4 5, 0, 3;
    %cmp/u;
    %jmp/1 T_3.5, 6;
    %dup/vec4;
    %pushi/vec4 6, 0, 3;
    %cmp/u;
    %jmp/1 T_3.6, 6;
    %dup/vec4;
    %pushi/vec4 7, 0, 3;
    %cmp/u;
    %jmp/1 T_3.7, 6;
    %jmp T_3.8;
T_3.0 ;
    %load/vec4 v0x55f265673fb0_0;
    %store/vec4 v0x55f265674600_0, 0, 1;
    %jmp T_3.8;
T_3.1 ;
    %load/vec4 v0x55f265674090_0;
    %store/vec4 v0x55f265674600_0, 0, 1;
    %jmp T_3.8;
T_3.2 ;
    %load/vec4 v0x55f265674150_0;
    %store/vec4 v0x55f265674600_0, 0, 1;
    %jmp T_3.8;
T_3.3 ;
    %load/vec4 v0x55f2656741f0_0;
    %store/vec4 v0x55f265674600_0, 0, 1;
    %jmp T_3.8;
T_3.4 ;
    %load/vec4 v0x55f2656742b0_0;
    %store/vec4 v0x55f265674600_0, 0, 1;
    %jmp T_3.8;
T_3.5 ;
    %load/vec4 v0x55f2656743c0_0;
    %store/vec4 v0x55f265674600_0, 0, 1;
    %jmp T_3.8;
T_3.6 ;
    %load/vec4 v0x55f265674480_0;
    %store/vec4 v0x55f265674600_0, 0, 1;
    %jmp T_3.8;
T_3.7 ;
    %load/vec4 v0x55f265674540_0;
    %store/vec4 v0x55f265674600_0, 0, 1;
    %jmp T_3.8;
T_3.8 ;
    %pop/vec4 1;
    %jmp T_3;
    .thread T_3, $push;
    .scope S_0x55f265678a00;
T_4 ;
    %wait E_0x55f265678c80;
    %load/vec4 v0x55f265679460_0;
    %dup/vec4;
    %pushi/vec4 0, 0, 3;
    %cmp/u;
    %jmp/1 T_4.0, 6;
    %dup/vec4;
    %pushi/vec4 1, 0, 3;
    %cmp/u;
    %jmp/1 T_4.1, 6;
    %dup/vec4;
    %pushi/vec4 2, 0, 3;
    %cmp/u;
    %jmp/1 T_4.2, 6;
    %dup/vec4;
    %pushi/vec4 3, 0, 3;
    %cmp/u;
    %jmp/1 T_4.3, 6;
    %dup/vec4;
    %pushi/vec4 4, 0, 3;
    %cmp/u;
    %jmp/1 T_4.4, 6;
    %dup/vec4;
    %pushi/vec4 5, 0, 3;
    %cmp/u;
    %jmp/1 T_4.5, 6;
    %dup/vec4;
    %pushi/vec4 6, 0, 3;
    %cmp/u;
    %jmp/1 T_4.6, 6;
    %dup/vec4;
    %pushi/vec4 7, 0, 3;
    %cmp/u;
    %jmp/1 T_4.7, 6;
    %jmp T_4.8;
T_4.0 ;
    %load/vec4 v0x55f265678d30_0;
    %store/vec4 v0x55f265679330_0, 0, 1;
    %jmp T_4.8;
T_4.1 ;
    %load/vec4 v0x55f265678e10_0;
    %store/vec4 v0x55f265679330_0, 0, 1;
    %jmp T_4.8;
T_4.2 ;
    %load/vec4 v0x55f265678ed0_0;
    %store/vec4 v0x55f265679330_0, 0, 1;
    %jmp T_4.8;
T_4.3 ;
    %load/vec4 v0x55f265678f70_0;
    %store/vec4 v0x55f265679330_0, 0, 1;
    %jmp T_4.8;
T_4.4 ;
    %load/vec4 v0x55f265679030_0;
    %store/vec4 v0x55f265679330_0, 0, 1;
    %jmp T_4.8;
T_4.5 ;
    %load/vec4 v0x55f2656790f0_0;
    %store/vec4 v0x55f265679330_0, 0, 1;
    %jmp T_4.8;
T_4.6 ;
    %load/vec4 v0x55f2656791b0_0;
    %store/vec4 v0x55f265679330_0, 0, 1;
    %jmp T_4.8;
T_4.7 ;
    %load/vec4 v0x55f265679270_0;
    %store/vec4 v0x55f265679330_0, 0, 1;
    %jmp T_4.8;
T_4.8 ;
    %pop/vec4 1;
    %jmp T_4;
    .thread T_4, $push;
    .scope S_0x55f2656796c0;
T_5 ;
    %wait E_0x55f265679990;
    %load/vec4 v0x55f26567a1c0_0;
    %dup/vec4;
    %pushi/vec4 0, 0, 3;
    %cmp/u;
    %jmp/1 T_5.0, 6;
    %dup/vec4;
    %pushi/vec4 1, 0, 3;
    %cmp/u;
    %jmp/1 T_5.1, 6;
    %dup/vec4;
    %pushi/vec4 2, 0, 3;
    %cmp/u;
    %jmp/1 T_5.2, 6;
    %dup/vec4;
    %pushi/vec4 3, 0, 3;
    %cmp/u;
    %jmp/1 T_5.3, 6;
    %dup/vec4;
    %pushi/vec4 4, 0, 3;
    %cmp/u;
    %jmp/1 T_5.4, 6;
    %dup/vec4;
    %pushi/vec4 5, 0, 3;
    %cmp/u;
    %jmp/1 T_5.5, 6;
    %dup/vec4;
    %pushi/vec4 6, 0, 3;
    %cmp/u;
    %jmp/1 T_5.6, 6;
    %dup/vec4;
    %pushi/vec4 7, 0, 3;
    %cmp/u;
    %jmp/1 T_5.7, 6;
    %jmp T_5.8;
T_5.0 ;
    %load/vec4 v0x55f265679a40_0;
    %store/vec4 v0x55f26567a090_0, 0, 1;
    %jmp T_5.8;
T_5.1 ;
    %load/vec4 v0x55f265679b20_0;
    %store/vec4 v0x55f26567a090_0, 0, 1;
    %jmp T_5.8;
T_5.2 ;
    %load/vec4 v0x55f265679be0_0;
    %store/vec4 v0x55f26567a090_0, 0, 1;
    %jmp T_5.8;
T_5.3 ;
    %load/vec4 v0x55f265679c80_0;
    %store/vec4 v0x55f26567a090_0, 0, 1;
    %jmp T_5.8;
T_5.4 ;
    %load/vec4 v0x55f265679d40_0;
    %store/vec4 v0x55f26567a090_0, 0, 1;
    %jmp T_5.8;
T_5.5 ;
    %load/vec4 v0x55f265679e50_0;
    %store/vec4 v0x55f26567a090_0, 0, 1;
    %jmp T_5.8;
T_5.6 ;
    %load/vec4 v0x55f265679f10_0;
    %store/vec4 v0x55f26567a090_0, 0, 1;
    %jmp T_5.8;
T_5.7 ;
    %load/vec4 v0x55f265679fd0_0;
    %store/vec4 v0x55f26567a090_0, 0, 1;
    %jmp T_5.8;
T_5.8 ;
    %pop/vec4 1;
    %jmp T_5;
    .thread T_5, $push;
    .scope S_0x55f26567a420;
T_6 ;
    %wait E_0x55f26567a6a0;
    %load/vec4 v0x55f26567aed0_0;
    %dup/vec4;
    %pushi/vec4 0, 0, 3;
    %cmp/u;
    %jmp/1 T_6.0, 6;
    %dup/vec4;
    %pushi/vec4 1, 0, 3;
    %cmp/u;
    %jmp/1 T_6.1, 6;
    %dup/vec4;
    %pushi/vec4 2, 0, 3;
    %cmp/u;
    %jmp/1 T_6.2, 6;
    %dup/vec4;
    %pushi/vec4 3, 0, 3;
    %cmp/u;
    %jmp/1 T_6.3, 6;
    %dup/vec4;
    %pushi/vec4 4, 0, 3;
    %cmp/u;
    %jmp/1 T_6.4, 6;
    %dup/vec4;
    %pushi/vec4 5, 0, 3;
    %cmp/u;
    %jmp/1 T_6.5, 6;
    %dup/vec4;
    %pushi/vec4 6, 0, 3;
    %cmp/u;
    %jmp/1 T_6.6, 6;
    %dup/vec4;
    %pushi/vec4 7, 0, 3;
    %cmp/u;
    %jmp/1 T_6.7, 6;
    %jmp T_6.8;
T_6.0 ;
    %load/vec4 v0x55f26567a750_0;
    %store/vec4 v0x55f26567ada0_0, 0, 1;
    %jmp T_6.8;
T_6.1 ;
    %load/vec4 v0x55f26567a830_0;
    %store/vec4 v0x55f26567ada0_0, 0, 1;
    %jmp T_6.8;
T_6.2 ;
    %load/vec4 v0x55f26567a8f0_0;
    %store/vec4 v0x55f26567ada0_0, 0, 1;
    %jmp T_6.8;
T_6.3 ;
    %load/vec4 v0x55f26567a990_0;
    %store/vec4 v0x55f26567ada0_0, 0, 1;
    %jmp T_6.8;
T_6.4 ;
    %load/vec4 v0x55f26567aa50_0;
    %store/vec4 v0x55f26567ada0_0, 0, 1;
    %jmp T_6.8;
T_6.5 ;
    %load/vec4 v0x55f26567ab60_0;
    %store/vec4 v0x55f26567ada0_0, 0, 1;
    %jmp T_6.8;
T_6.6 ;
    %load/vec4 v0x55f26567ac20_0;
    %store/vec4 v0x55f26567ada0_0, 0, 1;
    %jmp T_6.8;
T_6.7 ;
    %load/vec4 v0x55f26567ace0_0;
    %store/vec4 v0x55f26567ada0_0, 0, 1;
    %jmp T_6.8;
T_6.8 ;
    %pop/vec4 1;
    %jmp T_6;
    .thread T_6, $push;
    .scope S_0x55f26567b1c0;
T_7 ;
    %wait E_0x55f26567b440;
    %load/vec4 v0x55f26567bc20_0;
    %dup/vec4;
    %pushi/vec4 0, 0, 3;
    %cmp/u;
    %jmp/1 T_7.0, 6;
    %dup/vec4;
    %pushi/vec4 1, 0, 3;
    %cmp/u;
    %jmp/1 T_7.1, 6;
    %dup/vec4;
    %pushi/vec4 2, 0, 3;
    %cmp/u;
    %jmp/1 T_7.2, 6;
    %dup/vec4;
    %pushi/vec4 3, 0, 3;
    %cmp/u;
    %jmp/1 T_7.3, 6;
    %dup/vec4;
    %pushi/vec4 4, 0, 3;
    %cmp/u;
    %jmp/1 T_7.4, 6;
    %dup/vec4;
    %pushi/vec4 5, 0, 3;
    %cmp/u;
    %jmp/1 T_7.5, 6;
    %dup/vec4;
    %pushi/vec4 6, 0, 3;
    %cmp/u;
    %jmp/1 T_7.6, 6;
    %dup/vec4;
    %pushi/vec4 7, 0, 3;
    %cmp/u;
    %jmp/1 T_7.7, 6;
    %jmp T_7.8;
T_7.0 ;
    %load/vec4 v0x55f26567b4f0_0;
    %store/vec4 v0x55f26567baf0_0, 0, 1;
    %jmp T_7.8;
T_7.1 ;
    %load/vec4 v0x55f26567b5d0_0;
    %store/vec4 v0x55f26567baf0_0, 0, 1;
    %jmp T_7.8;
T_7.2 ;
    %load/vec4 v0x55f26567b690_0;
    %store/vec4 v0x55f26567baf0_0, 0, 1;
    %jmp T_7.8;
T_7.3 ;
    %load/vec4 v0x55f26567b730_0;
    %store/vec4 v0x55f26567baf0_0, 0, 1;
    %jmp T_7.8;
T_7.4 ;
    %load/vec4 v0x55f26567b7f0_0;
    %store/vec4 v0x55f26567baf0_0, 0, 1;
    %jmp T_7.8;
T_7.5 ;
    %load/vec4 v0x55f26567b8b0_0;
    %store/vec4 v0x55f26567baf0_0, 0, 1;
    %jmp T_7.8;
T_7.6 ;
    %load/vec4 v0x55f26567b970_0;
    %store/vec4 v0x55f26567baf0_0, 0, 1;
    %jmp T_7.8;
T_7.7 ;
    %load/vec4 v0x55f26567ba30_0;
    %store/vec4 v0x55f26567baf0_0, 0, 1;
    %jmp T_7.8;
T_7.8 ;
    %pop/vec4 1;
    %jmp T_7;
    .thread T_7, $push;
    .scope S_0x55f26567be80;
T_8 ;
    %wait E_0x55f26567c100;
    %load/vec4 v0x55f26567c9c0_0;
    %dup/vec4;
    %pushi/vec4 0, 0, 3;
    %cmp/u;
    %jmp/1 T_8.0, 6;
    %dup/vec4;
    %pushi/vec4 1, 0, 3;
    %cmp/u;
    %jmp/1 T_8.1, 6;
    %dup/vec4;
    %pushi/vec4 2, 0, 3;
    %cmp/u;
    %jmp/1 T_8.2, 6;
    %dup/vec4;
    %pushi/vec4 3, 0, 3;
    %cmp/u;
    %jmp/1 T_8.3, 6;
    %dup/vec4;
    %pushi/vec4 4, 0, 3;
    %cmp/u;
    %jmp/1 T_8.4, 6;
    %dup/vec4;
    %pushi/vec4 5, 0, 3;
    %cmp/u;
    %jmp/1 T_8.5, 6;
    %dup/vec4;
    %pushi/vec4 6, 0, 3;
    %cmp/u;
    %jmp/1 T_8.6, 6;
    %dup/vec4;
    %pushi/vec4 7, 0, 3;
    %cmp/u;
    %jmp/1 T_8.7, 6;
    %jmp T_8.8;
T_8.0 ;
    %load/vec4 v0x55f26567c1b0_0;
    %store/vec4 v0x55f26567c800_0, 0, 1;
    %jmp T_8.8;
T_8.1 ;
    %load/vec4 v0x55f26567c290_0;
    %store/vec4 v0x55f26567c800_0, 0, 1;
    %jmp T_8.8;
T_8.2 ;
    %load/vec4 v0x55f26567c350_0;
    %store/vec4 v0x55f26567c800_0, 0, 1;
    %jmp T_8.8;
T_8.3 ;
    %load/vec4 v0x55f26567c3f0_0;
    %store/vec4 v0x55f26567c800_0, 0, 1;
    %jmp T_8.8;
T_8.4 ;
    %load/vec4 v0x55f26567c4b0_0;
    %store/vec4 v0x55f26567c800_0, 0, 1;
    %jmp T_8.8;
T_8.5 ;
    %load/vec4 v0x55f26567c5c0_0;
    %store/vec4 v0x55f26567c800_0, 0, 1;
    %jmp T_8.8;
T_8.6 ;
    %load/vec4 v0x55f26567c680_0;
    %store/vec4 v0x55f26567c800_0, 0, 1;
    %jmp T_8.8;
T_8.7 ;
    %load/vec4 v0x55f26567c740_0;
    %store/vec4 v0x55f26567c800_0, 0, 1;
    %jmp T_8.8;
T_8.8 ;
    %pop/vec4 1;
    %jmp T_8;
    .thread T_8, $push;
    .scope S_0x55f26567cc20;
T_9 ;
    %wait E_0x55f26567cea0;
    %load/vec4 v0x55f26567d680_0;
    %dup/vec4;
    %pushi/vec4 0, 0, 3;
    %cmp/u;
    %jmp/1 T_9.0, 6;
    %dup/vec4;
    %pushi/vec4 1, 0, 3;
    %cmp/u;
    %jmp/1 T_9.1, 6;
    %dup/vec4;
    %pushi/vec4 2, 0, 3;
    %cmp/u;
    %jmp/1 T_9.2, 6;
    %dup/vec4;
    %pushi/vec4 3, 0, 3;
    %cmp/u;
    %jmp/1 T_9.3, 6;
    %dup/vec4;
    %pushi/vec4 4, 0, 3;
    %cmp/u;
    %jmp/1 T_9.4, 6;
    %dup/vec4;
    %pushi/vec4 5, 0, 3;
    %cmp/u;
    %jmp/1 T_9.5, 6;
    %dup/vec4;
    %pushi/vec4 6, 0, 3;
    %cmp/u;
    %jmp/1 T_9.6, 6;
    %dup/vec4;
    %pushi/vec4 7, 0, 3;
    %cmp/u;
    %jmp/1 T_9.7, 6;
    %jmp T_9.8;
T_9.0 ;
    %load/vec4 v0x55f26567cf50_0;
    %store/vec4 v0x55f26567d550_0, 0, 1;
    %jmp T_9.8;
T_9.1 ;
    %load/vec4 v0x55f26567d030_0;
    %store/vec4 v0x55f26567d550_0, 0, 1;
    %jmp T_9.8;
T_9.2 ;
    %load/vec4 v0x55f26567d0f0_0;
    %store/vec4 v0x55f26567d550_0, 0, 1;
    %jmp T_9.8;
T_9.3 ;
    %load/vec4 v0x55f26567d190_0;
    %store/vec4 v0x55f26567d550_0, 0, 1;
    %jmp T_9.8;
T_9.4 ;
    %load/vec4 v0x55f26567d250_0;
    %store/vec4 v0x55f26567d550_0, 0, 1;
    %jmp T_9.8;
T_9.5 ;
    %load/vec4 v0x55f26567d310_0;
    %store/vec4 v0x55f26567d550_0, 0, 1;
    %jmp T_9.8;
T_9.6 ;
    %load/vec4 v0x55f26567d3d0_0;
    %store/vec4 v0x55f26567d550_0, 0, 1;
    %jmp T_9.8;
T_9.7 ;
    %load/vec4 v0x55f26567d490_0;
    %store/vec4 v0x55f26567d550_0, 0, 1;
    %jmp T_9.8;
T_9.8 ;
    %pop/vec4 1;
    %jmp T_9;
    .thread T_9, $push;
    .scope S_0x55f26567ed30;
T_10 ;
    %wait E_0x55f26567eeb0;
    %load/vec4 v0x55f26567f2a0_0;
    %flag_set/vec4 8;
    %jmp/0 T_10.0, 8;
    %load/vec4 v0x55f26567f030_0;
    %jmp/1 T_10.1, 8;
T_10.0 ; End of true expr.
    %load/vec4 v0x55f26567ef30_0;
    %jmp/0 T_10.1, 8;
 ; End of false expr.
    %blend;
T_10.1;
    %store/vec4 v0x55f26567f0f0_0, 0, 3;
    %jmp T_10;
    .thread T_10, $push;
    .scope S_0x55f26567d8e0;
T_11 ;
    %wait E_0x55f26567db60;
    %load/vec4 v0x55f26567e440_0;
    %dup/vec4;
    %pushi/vec4 0, 0, 3;
    %cmp/u;
    %jmp/1 T_11.0, 6;
    %dup/vec4;
    %pushi/vec4 1, 0, 3;
    %cmp/u;
    %jmp/1 T_11.1, 6;
    %dup/vec4;
    %pushi/vec4 2, 0, 3;
    %cmp/u;
    %jmp/1 T_11.2, 6;
    %dup/vec4;
    %pushi/vec4 3, 0, 3;
    %cmp/u;
    %jmp/1 T_11.3, 6;
    %dup/vec4;
    %pushi/vec4 4, 0, 3;
    %cmp/u;
    %jmp/1 T_11.4, 6;
    %dup/vec4;
    %pushi/vec4 5, 0, 3;
    %cmp/u;
    %jmp/1 T_11.5, 6;
    %dup/vec4;
    %pushi/vec4 6, 0, 3;
    %cmp/u;
    %jmp/1 T_11.6, 6;
    %dup/vec4;
    %pushi/vec4 7, 0, 3;
    %cmp/u;
    %jmp/1 T_11.7, 6;
    %jmp T_11.8;
T_11.0 ;
    %load/vec4 v0x55f26567dc00_0;
    %store/vec4 v0x55f26567e280_0, 0, 1;
    %jmp T_11.8;
T_11.1 ;
    %load/vec4 v0x55f26567dd50_0;
    %store/vec4 v0x55f26567e280_0, 0, 1;
    %jmp T_11.8;
T_11.2 ;
    %load/vec4 v0x55f26567dea0_0;
    %store/vec4 v0x55f26567e280_0, 0, 1;
    %jmp T_11.8;
T_11.3 ;
    %load/vec4 v0x55f26567df40_0;
    %store/vec4 v0x55f26567e280_0, 0, 1;
    %jmp T_11.8;
T_11.4 ;
    %load/vec4 v0x55f26567dfe0_0;
    %store/vec4 v0x55f26567e280_0, 0, 1;
    %jmp T_11.8;
T_11.5 ;
    %load/vec4 v0x55f26567e080_0;
    %store/vec4 v0x55f26567e280_0, 0, 1;
    %jmp T_11.8;
T_11.6 ;
    %load/vec4 v0x55f26567e120_0;
    %store/vec4 v0x55f26567e280_0, 0, 1;
    %jmp T_11.8;
T_11.7 ;
    %load/vec4 v0x55f26567e1c0_0;
    %store/vec4 v0x55f26567e280_0, 0, 1;
    %jmp T_11.8;
T_11.8 ;
    %pop/vec4 1;
    %jmp T_11;
    .thread T_11, $push;
    .scope S_0x55f26566e140;
T_12 ;
    %wait E_0x55f26566e410;
    %load/vec4 v0x55f26566eb90_0;
    %dup/vec4;
    %pushi/vec4 0, 0, 3;
    %cmp/u;
    %jmp/1 T_12.0, 6;
    %dup/vec4;
    %pushi/vec4 1, 0, 3;
    %cmp/u;
    %jmp/1 T_12.1, 6;
    %dup/vec4;
    %pushi/vec4 2, 0, 3;
    %cmp/u;
    %jmp/1 T_12.2, 6;
    %dup/vec4;
    %pushi/vec4 3, 0, 3;
    %cmp/u;
    %jmp/1 T_12.3, 6;
    %dup/vec4;
    %pushi/vec4 4, 0, 3;
    %cmp/u;
    %jmp/1 T_12.4, 6;
    %dup/vec4;
    %pushi/vec4 5, 0, 3;
    %cmp/u;
    %jmp/1 T_12.5, 6;
    %dup/vec4;
    %pushi/vec4 6, 0, 3;
    %cmp/u;
    %jmp/1 T_12.6, 6;
    %dup/vec4;
    %pushi/vec4 7, 0, 3;
    %cmp/u;
    %jmp/1 T_12.7, 6;
    %jmp T_12.8;
T_12.0 ;
    %load/vec4 v0x55f26566e4b0_0;
    %store/vec4 v0x55f26566ea40_0, 0, 1;
    %jmp T_12.8;
T_12.1 ;
    %load/vec4 v0x55f26566e570_0;
    %store/vec4 v0x55f26566ea40_0, 0, 1;
    %jmp T_12.8;
T_12.2 ;
    %load/vec4 v0x55f26566e660_0;
    %store/vec4 v0x55f26566ea40_0, 0, 1;
    %jmp T_12.8;
T_12.3 ;
    %load/vec4 v0x55f26566e700_0;
    %store/vec4 v0x55f26566ea40_0, 0, 1;
    %jmp T_12.8;
T_12.4 ;
    %load/vec4 v0x55f26566e7a0_0;
    %store/vec4 v0x55f26566ea40_0, 0, 1;
    %jmp T_12.8;
T_12.5 ;
    %load/vec4 v0x55f26566e840_0;
    %store/vec4 v0x55f26566ea40_0, 0, 1;
    %jmp T_12.8;
T_12.6 ;
    %load/vec4 v0x55f26566e8e0_0;
    %store/vec4 v0x55f26566ea40_0, 0, 1;
    %jmp T_12.8;
T_12.7 ;
    %load/vec4 v0x55f26566e980_0;
    %store/vec4 v0x55f26566ea40_0, 0, 1;
    %jmp T_12.8;
T_12.8 ;
    %pop/vec4 1;
    %jmp T_12;
    .thread T_12, $push;
    .scope S_0x55f26566edf0;
T_13 ;
    %wait E_0x55f26566f070;
    %load/vec4 v0x55f26566f8f0_0;
    %dup/vec4;
    %pushi/vec4 0, 0, 3;
    %cmp/u;
    %jmp/1 T_13.0, 6;
    %dup/vec4;
    %pushi/vec4 1, 0, 3;
    %cmp/u;
    %jmp/1 T_13.1, 6;
    %dup/vec4;
    %pushi/vec4 2, 0, 3;
    %cmp/u;
    %jmp/1 T_13.2, 6;
    %dup/vec4;
    %pushi/vec4 3, 0, 3;
    %cmp/u;
    %jmp/1 T_13.3, 6;
    %dup/vec4;
    %pushi/vec4 4, 0, 3;
    %cmp/u;
    %jmp/1 T_13.4, 6;
    %dup/vec4;
    %pushi/vec4 5, 0, 3;
    %cmp/u;
    %jmp/1 T_13.5, 6;
    %dup/vec4;
    %pushi/vec4 6, 0, 3;
    %cmp/u;
    %jmp/1 T_13.6, 6;
    %dup/vec4;
    %pushi/vec4 7, 0, 3;
    %cmp/u;
    %jmp/1 T_13.7, 6;
    %jmp T_13.8;
T_13.0 ;
    %load/vec4 v0x55f26566f110_0;
    %store/vec4 v0x55f26566f7a0_0, 0, 1;
    %jmp T_13.8;
T_13.1 ;
    %load/vec4 v0x55f26566f1f0_0;
    %store/vec4 v0x55f26566f7a0_0, 0, 1;
    %jmp T_13.8;
T_13.2 ;
    %load/vec4 v0x55f26566f300_0;
    %store/vec4 v0x55f26566f7a0_0, 0, 1;
    %jmp T_13.8;
T_13.3 ;
    %load/vec4 v0x55f26566f3a0_0;
    %store/vec4 v0x55f26566f7a0_0, 0, 1;
    %jmp T_13.8;
T_13.4 ;
    %load/vec4 v0x55f26566f4d0_0;
    %store/vec4 v0x55f26566f7a0_0, 0, 1;
    %jmp T_13.8;
T_13.5 ;
    %load/vec4 v0x55f26566f5c0_0;
    %store/vec4 v0x55f26566f7a0_0, 0, 1;
    %jmp T_13.8;
T_13.6 ;
    %load/vec4 v0x55f26566f660_0;
    %store/vec4 v0x55f26566f7a0_0, 0, 1;
    %jmp T_13.8;
T_13.7 ;
    %load/vec4 v0x55f26566f700_0;
    %store/vec4 v0x55f26566f7a0_0, 0, 1;
    %jmp T_13.8;
T_13.8 ;
    %pop/vec4 1;
    %jmp T_13;
    .thread T_13, $push;
    .scope S_0x55f26566fbe0;
T_14 ;
    %wait E_0x55f26566fe60;
    %load/vec4 v0x55f265670620_0;
    %dup/vec4;
    %pushi/vec4 0, 0, 3;
    %cmp/u;
    %jmp/1 T_14.0, 6;
    %dup/vec4;
    %pushi/vec4 1, 0, 3;
    %cmp/u;
    %jmp/1 T_14.1, 6;
    %dup/vec4;
    %pushi/vec4 2, 0, 3;
    %cmp/u;
    %jmp/1 T_14.2, 6;
    %dup/vec4;
    %pushi/vec4 3, 0, 3;
    %cmp/u;
    %jmp/1 T_14.3, 6;
    %dup/vec4;
    %pushi/vec4 4, 0, 3;
    %cmp/u;
    %jmp/1 T_14.4, 6;
    %dup/vec4;
    %pushi/vec4 5, 0, 3;
    %cmp/u;
    %jmp/1 T_14.5, 6;
    %dup/vec4;
    %pushi/vec4 6, 0, 3;
    %cmp/u;
    %jmp/1 T_14.6, 6;
    %dup/vec4;
    %pushi/vec4 7, 0, 3;
    %cmp/u;
    %jmp/1 T_14.7, 6;
    %jmp T_14.8;
T_14.0 ;
    %load/vec4 v0x55f26566ff00_0;
    %store/vec4 v0x55f2656704d0_0, 0, 1;
    %jmp T_14.8;
T_14.1 ;
    %load/vec4 v0x55f26566ffc0_0;
    %store/vec4 v0x55f2656704d0_0, 0, 1;
    %jmp T_14.8;
T_14.2 ;
    %load/vec4 v0x55f265670080_0;
    %store/vec4 v0x55f2656704d0_0, 0, 1;
    %jmp T_14.8;
T_14.3 ;
    %load/vec4 v0x55f2656701b0_0;
    %store/vec4 v0x55f2656704d0_0, 0, 1;
    %jmp T_14.8;
T_14.4 ;
    %load/vec4 v0x55f265670250_0;
    %store/vec4 v0x55f2656704d0_0, 0, 1;
    %jmp T_14.8;
T_14.5 ;
    %load/vec4 v0x55f2656702f0_0;
    %store/vec4 v0x55f2656704d0_0, 0, 1;
    %jmp T_14.8;
T_14.6 ;
    %load/vec4 v0x55f265670390_0;
    %store/vec4 v0x55f2656704d0_0, 0, 1;
    %jmp T_14.8;
T_14.7 ;
    %load/vec4 v0x55f265670430_0;
    %store/vec4 v0x55f2656704d0_0, 0, 1;
    %jmp T_14.8;
T_14.8 ;
    %pop/vec4 1;
    %jmp T_14;
    .thread T_14, $push;
    .scope S_0x55f265670880;
T_15 ;
    %wait E_0x55f265670b00;
    %load/vec4 v0x55f265671300_0;
    %dup/vec4;
    %pushi/vec4 0, 0, 3;
    %cmp/u;
    %jmp/1 T_15.0, 6;
    %dup/vec4;
    %pushi/vec4 1, 0, 3;
    %cmp/u;
    %jmp/1 T_15.1, 6;
    %dup/vec4;
    %pushi/vec4 2, 0, 3;
    %cmp/u;
    %jmp/1 T_15.2, 6;
    %dup/vec4;
    %pushi/vec4 3, 0, 3;
    %cmp/u;
    %jmp/1 T_15.3, 6;
    %dup/vec4;
    %pushi/vec4 4, 0, 3;
    %cmp/u;
    %jmp/1 T_15.4, 6;
    %dup/vec4;
    %pushi/vec4 5, 0, 3;
    %cmp/u;
    %jmp/1 T_15.5, 6;
    %dup/vec4;
    %pushi/vec4 6, 0, 3;
    %cmp/u;
    %jmp/1 T_15.6, 6;
    %dup/vec4;
    %pushi/vec4 7, 0, 3;
    %cmp/u;
    %jmp/1 T_15.7, 6;
    %jmp T_15.8;
T_15.0 ;
    %load/vec4 v0x55f265670ba0_0;
    %store/vec4 v0x55f2656711d0_0, 0, 1;
    %jmp T_15.8;
T_15.1 ;
    %load/vec4 v0x55f265670c60_0;
    %store/vec4 v0x55f2656711d0_0, 0, 1;
    %jmp T_15.8;
T_15.2 ;
    %load/vec4 v0x55f265670d20_0;
    %store/vec4 v0x55f2656711d0_0, 0, 1;
    %jmp T_15.8;
T_15.3 ;
    %load/vec4 v0x55f265670e10_0;
    %store/vec4 v0x55f2656711d0_0, 0, 1;
    %jmp T_15.8;
T_15.4 ;
    %load/vec4 v0x55f265670eb0_0;
    %store/vec4 v0x55f2656711d0_0, 0, 1;
    %jmp T_15.8;
T_15.5 ;
    %load/vec4 v0x55f265670fa0_0;
    %store/vec4 v0x55f2656711d0_0, 0, 1;
    %jmp T_15.8;
T_15.6 ;
    %load/vec4 v0x55f265671090_0;
    %store/vec4 v0x55f2656711d0_0, 0, 1;
    %jmp T_15.8;
T_15.7 ;
    %load/vec4 v0x55f265671130_0;
    %store/vec4 v0x55f2656711d0_0, 0, 1;
    %jmp T_15.8;
T_15.8 ;
    %pop/vec4 1;
    %jmp T_15;
    .thread T_15, $push;
    .scope S_0x55f26566af40;
T_16 ;
    %wait E_0x55f2655dd1d0;
    %load/vec4 v0x55f26566b9b0_0;
    %dup/vec4;
    %pushi/vec4 0, 0, 3;
    %cmp/u;
    %jmp/1 T_16.0, 6;
    %dup/vec4;
    %pushi/vec4 1, 0, 3;
    %cmp/u;
    %jmp/1 T_16.1, 6;
    %dup/vec4;
    %pushi/vec4 2, 0, 3;
    %cmp/u;
    %jmp/1 T_16.2, 6;
    %dup/vec4;
    %pushi/vec4 3, 0, 3;
    %cmp/u;
    %jmp/1 T_16.3, 6;
    %dup/vec4;
    %pushi/vec4 4, 0, 3;
    %cmp/u;
    %jmp/1 T_16.4, 6;
    %dup/vec4;
    %pushi/vec4 5, 0, 3;
    %cmp/u;
    %jmp/1 T_16.5, 6;
    %dup/vec4;
    %pushi/vec4 6, 0, 3;
    %cmp/u;
    %jmp/1 T_16.6, 6;
    %dup/vec4;
    %pushi/vec4 7, 0, 3;
    %cmp/u;
    %jmp/1 T_16.7, 6;
    %jmp T_16.8;
T_16.0 ;
    %load/vec4 v0x55f26566b290_0;
    %store/vec4 v0x55f26566b8f0_0, 0, 1;
    %jmp T_16.8;
T_16.1 ;
    %load/vec4 v0x55f26566b370_0;
    %store/vec4 v0x55f26566b8f0_0, 0, 1;
    %jmp T_16.8;
T_16.2 ;
    %load/vec4 v0x55f26566b430_0;
    %store/vec4 v0x55f26566b8f0_0, 0, 1;
    %jmp T_16.8;
T_16.3 ;
    %load/vec4 v0x55f26566b530_0;
    %store/vec4 v0x55f26566b8f0_0, 0, 1;
    %jmp T_16.8;
T_16.4 ;
    %load/vec4 v0x55f26566b620_0;
    %store/vec4 v0x55f26566b8f0_0, 0, 1;
    %jmp T_16.8;
T_16.5 ;
    %load/vec4 v0x55f26566b710_0;
    %store/vec4 v0x55f26566b8f0_0, 0, 1;
    %jmp T_16.8;
T_16.6 ;
    %load/vec4 v0x55f26566b7b0_0;
    %store/vec4 v0x55f26566b8f0_0, 0, 1;
    %jmp T_16.8;
T_16.7 ;
    %load/vec4 v0x55f26566b850_0;
    %store/vec4 v0x55f26566b8f0_0, 0, 1;
    %jmp T_16.8;
T_16.8 ;
    %pop/vec4 1;
    %jmp T_16;
    .thread T_16, $push;
    .scope S_0x55f26566bc30;
T_17 ;
    %wait E_0x55f265658d20;
    %load/vec4 v0x55f26566c5d0_0;
    %dup/vec4;
    %pushi/vec4 0, 0, 3;
    %cmp/u;
    %jmp/1 T_17.0, 6;
    %dup/vec4;
    %pushi/vec4 1, 0, 3;
    %cmp/u;
    %jmp/1 T_17.1, 6;
    %dup/vec4;
    %pushi/vec4 2, 0, 3;
    %cmp/u;
    %jmp/1 T_17.2, 6;
    %dup/vec4;
    %pushi/vec4 3, 0, 3;
    %cmp/u;
    %jmp/1 T_17.3, 6;
    %dup/vec4;
    %pushi/vec4 4, 0, 3;
    %cmp/u;
    %jmp/1 T_17.4, 6;
    %dup/vec4;
    %pushi/vec4 5, 0, 3;
    %cmp/u;
    %jmp/1 T_17.5, 6;
    %dup/vec4;
    %pushi/vec4 6, 0, 3;
    %cmp/u;
    %jmp/1 T_17.6, 6;
    %dup/vec4;
    %pushi/vec4 7, 0, 3;
    %cmp/u;
    %jmp/1 T_17.7, 6;
    %jmp T_17.8;
T_17.0 ;
    %load/vec4 v0x55f26566bf20_0;
    %store/vec4 v0x55f26566c510_0, 0, 1;
    %jmp T_17.8;
T_17.1 ;
    %load/vec4 v0x55f26566c000_0;
    %store/vec4 v0x55f26566c510_0, 0, 1;
    %jmp T_17.8;
T_17.2 ;
    %load/vec4 v0x55f26566c0c0_0;
    %store/vec4 v0x55f26566c510_0, 0, 1;
    %jmp T_17.8;
T_17.3 ;
    %load/vec4 v0x55f26566c160_0;
    %store/vec4 v0x55f26566c510_0, 0, 1;
    %jmp T_17.8;
T_17.4 ;
    %load/vec4 v0x55f26566c200_0;
    %store/vec4 v0x55f26566c510_0, 0, 1;
    %jmp T_17.8;
T_17.5 ;
    %load/vec4 v0x55f26566c310_0;
    %store/vec4 v0x55f26566c510_0, 0, 1;
    %jmp T_17.8;
T_17.6 ;
    %load/vec4 v0x55f26566c3b0_0;
    %store/vec4 v0x55f26566c510_0, 0, 1;
    %jmp T_17.8;
T_17.7 ;
    %load/vec4 v0x55f26566c450_0;
    %store/vec4 v0x55f26566c510_0, 0, 1;
    %jmp T_17.8;
T_17.8 ;
    %pop/vec4 1;
    %jmp T_17;
    .thread T_17, $push;
    .scope S_0x55f26566c840;
T_18 ;
    %wait E_0x55f26566caf0;
    %load/vec4 v0x55f26566d210_0;
    %dup/vec4;
    %pushi/vec4 0, 0, 3;
    %cmp/u;
    %jmp/1 T_18.0, 6;
    %dup/vec4;
    %pushi/vec4 1, 0, 3;
    %cmp/u;
    %jmp/1 T_18.1, 6;
    %dup/vec4;
    %pushi/vec4 2, 0, 3;
    %cmp/u;
    %jmp/1 T_18.2, 6;
    %dup/vec4;
    %pushi/vec4 3, 0, 3;
    %cmp/u;
    %jmp/1 T_18.3, 6;
    %dup/vec4;
    %pushi/vec4 4, 0, 3;
    %cmp/u;
    %jmp/1 T_18.4, 6;
    %dup/vec4;
    %pushi/vec4 5, 0, 3;
    %cmp/u;
    %jmp/1 T_18.5, 6;
    %dup/vec4;
    %pushi/vec4 6, 0, 3;
    %cmp/u;
    %jmp/1 T_18.6, 6;
    %dup/vec4;
    %pushi/vec4 7, 0, 3;
    %cmp/u;
    %jmp/1 T_18.7, 6;
    %jmp T_18.8;
T_18.0 ;
    %load/vec4 v0x55f26566cb70_0;
    %store/vec4 v0x55f26566d150_0, 0, 1;
    %jmp T_18.8;
T_18.1 ;
    %load/vec4 v0x55f26566cc30_0;
    %store/vec4 v0x55f26566d150_0, 0, 1;
    %jmp T_18.8;
T_18.2 ;
    %load/vec4 v0x55f26566ccf0_0;
    %store/vec4 v0x55f26566d150_0, 0, 1;
    %jmp T_18.8;
T_18.3 ;
    %load/vec4 v0x55f26566cdc0_0;
    %store/vec4 v0x55f26566d150_0, 0, 1;
    %jmp T_18.8;
T_18.4 ;
    %load/vec4 v0x55f26566ce60_0;
    %store/vec4 v0x55f26566d150_0, 0, 1;
    %jmp T_18.8;
T_18.5 ;
    %load/vec4 v0x55f26566cf00_0;
    %store/vec4 v0x55f26566d150_0, 0, 1;
    %jmp T_18.8;
T_18.6 ;
    %load/vec4 v0x55f26566cff0_0;
    %store/vec4 v0x55f26566d150_0, 0, 1;
    %jmp T_18.8;
T_18.7 ;
    %load/vec4 v0x55f26566d090_0;
    %store/vec4 v0x55f26566d150_0, 0, 1;
    %jmp T_18.8;
T_18.8 ;
    %pop/vec4 1;
    %jmp T_18;
    .thread T_18, $push;
    .scope S_0x55f26567f3e0;
T_19 ;
    %wait E_0x55f26567f5b0;
    %load/vec4 v0x55f26567f9a0_0;
    %flag_set/vec4 8;
    %jmp/0 T_19.0, 8;
    %load/vec4 v0x55f26567f730_0;
    %jmp/1 T_19.1, 8;
T_19.0 ; End of true expr.
    %load/vec4 v0x55f26567f630_0;
    %jmp/0 T_19.1, 8;
 ; End of false expr.
    %blend;
T_19.1;
    %store/vec4 v0x55f26567f7f0_0, 0, 3;
    %jmp T_19;
    .thread T_19, $push;
    .scope S_0x55f265671540;
T_20 ;
    %wait E_0x55f265671850;
    %load/vec4 v0x55f265672080_0;
    %dup/vec4;
    %pushi/vec4 0, 0, 3;
    %cmp/u;
    %jmp/1 T_20.0, 6;
    %dup/vec4;
    %pushi/vec4 1, 0, 3;
    %cmp/u;
    %jmp/1 T_20.1, 6;
    %dup/vec4;
    %pushi/vec4 2, 0, 3;
    %cmp/u;
    %jmp/1 T_20.2, 6;
    %dup/vec4;
    %pushi/vec4 3, 0, 3;
    %cmp/u;
    %jmp/1 T_20.3, 6;
    %dup/vec4;
    %pushi/vec4 4, 0, 3;
    %cmp/u;
    %jmp/1 T_20.4, 6;
    %dup/vec4;
    %pushi/vec4 5, 0, 3;
    %cmp/u;
    %jmp/1 T_20.5, 6;
    %dup/vec4;
    %pushi/vec4 6, 0, 3;
    %cmp/u;
    %jmp/1 T_20.6, 6;
    %dup/vec4;
    %pushi/vec4 7, 0, 3;
    %cmp/u;
    %jmp/1 T_20.7, 6;
    %jmp T_20.8;
T_20.0 ;
    %load/vec4 v0x55f2656718f0_0;
    %store/vec4 v0x55f265671f30_0, 0, 1;
    %jmp T_20.8;
T_20.1 ;
    %load/vec4 v0x55f2656719d0_0;
    %store/vec4 v0x55f265671f30_0, 0, 1;
    %jmp T_20.8;
T_20.2 ;
    %load/vec4 v0x55f265671a90_0;
    %store/vec4 v0x55f265671f30_0, 0, 1;
    %jmp T_20.8;
T_20.3 ;
    %load/vec4 v0x55f265671b30_0;
    %store/vec4 v0x55f265671f30_0, 0, 1;
    %jmp T_20.8;
T_20.4 ;
    %load/vec4 v0x55f265671bd0_0;
    %store/vec4 v0x55f265671f30_0, 0, 1;
    %jmp T_20.8;
T_20.5 ;
    %load/vec4 v0x55f265671cc0_0;
    %store/vec4 v0x55f265671f30_0, 0, 1;
    %jmp T_20.8;
T_20.6 ;
    %load/vec4 v0x55f265671df0_0;
    %store/vec4 v0x55f265671f30_0, 0, 1;
    %jmp T_20.8;
T_20.7 ;
    %load/vec4 v0x55f265671e90_0;
    %store/vec4 v0x55f265671f30_0, 0, 1;
    %jmp T_20.8;
T_20.8 ;
    %pop/vec4 1;
    %jmp T_20;
    .thread T_20, $push;
    .scope S_0x55f265672300;
T_21 ;
    %wait E_0x55f265672580;
    %load/vec4 v0x55f265672d70_0;
    %dup/vec4;
    %pushi/vec4 0, 0, 3;
    %cmp/u;
    %jmp/1 T_21.0, 6;
    %dup/vec4;
    %pushi/vec4 1, 0, 3;
    %cmp/u;
    %jmp/1 T_21.1, 6;
    %dup/vec4;
    %pushi/vec4 2, 0, 3;
    %cmp/u;
    %jmp/1 T_21.2, 6;
    %dup/vec4;
    %pushi/vec4 3, 0, 3;
    %cmp/u;
    %jmp/1 T_21.3, 6;
    %dup/vec4;
    %pushi/vec4 4, 0, 3;
    %cmp/u;
    %jmp/1 T_21.4, 6;
    %dup/vec4;
    %pushi/vec4 5, 0, 3;
    %cmp/u;
    %jmp/1 T_21.5, 6;
    %dup/vec4;
    %pushi/vec4 6, 0, 3;
    %cmp/u;
    %jmp/1 T_21.6, 6;
    %dup/vec4;
    %pushi/vec4 7, 0, 3;
    %cmp/u;
    %jmp/1 T_21.7, 6;
    %jmp T_21.8;
T_21.0 ;
    %load/vec4 v0x55f265672620_0;
    %store/vec4 v0x55f265672c20_0, 0, 1;
    %jmp T_21.8;
T_21.1 ;
    %load/vec4 v0x55f2656726e0_0;
    %store/vec4 v0x55f265672c20_0, 0, 1;
    %jmp T_21.8;
T_21.2 ;
    %load/vec4 v0x55f265672780_0;
    %store/vec4 v0x55f265672c20_0, 0, 1;
    %jmp T_21.8;
T_21.3 ;
    %load/vec4 v0x55f265672820_0;
    %store/vec4 v0x55f265672c20_0, 0, 1;
    %jmp T_21.8;
T_21.4 ;
    %load/vec4 v0x55f2656728c0_0;
    %store/vec4 v0x55f265672c20_0, 0, 1;
    %jmp T_21.8;
T_21.5 ;
    %load/vec4 v0x55f2656729b0_0;
    %store/vec4 v0x55f265672c20_0, 0, 1;
    %jmp T_21.8;
T_21.6 ;
    %load/vec4 v0x55f265672ae0_0;
    %store/vec4 v0x55f265672c20_0, 0, 1;
    %jmp T_21.8;
T_21.7 ;
    %load/vec4 v0x55f265672b80_0;
    %store/vec4 v0x55f265672c20_0, 0, 1;
    %jmp T_21.8;
T_21.8 ;
    %pop/vec4 1;
    %jmp T_21;
    .thread T_21, $push;
    .scope S_0x55f265672fb0;
T_22 ;
    %wait E_0x55f265673230;
    %load/vec4 v0x55f265673a20_0;
    %dup/vec4;
    %pushi/vec4 0, 0, 3;
    %cmp/u;
    %jmp/1 T_22.0, 6;
    %dup/vec4;
    %pushi/vec4 1, 0, 3;
    %cmp/u;
    %jmp/1 T_22.1, 6;
    %dup/vec4;
    %pushi/vec4 2, 0, 3;
    %cmp/u;
    %jmp/1 T_22.2, 6;
    %dup/vec4;
    %pushi/vec4 3, 0, 3;
    %cmp/u;
    %jmp/1 T_22.3, 6;
    %dup/vec4;
    %pushi/vec4 4, 0, 3;
    %cmp/u;
    %jmp/1 T_22.4, 6;
    %dup/vec4;
    %pushi/vec4 5, 0, 3;
    %cmp/u;
    %jmp/1 T_22.5, 6;
    %dup/vec4;
    %pushi/vec4 6, 0, 3;
    %cmp/u;
    %jmp/1 T_22.6, 6;
    %dup/vec4;
    %pushi/vec4 7, 0, 3;
    %cmp/u;
    %jmp/1 T_22.7, 6;
    %jmp T_22.8;
T_22.0 ;
    %load/vec4 v0x55f2656732d0_0;
    %store/vec4 v0x55f2656738d0_0, 0, 1;
    %jmp T_22.8;
T_22.1 ;
    %load/vec4 v0x55f265673390_0;
    %store/vec4 v0x55f2656738d0_0, 0, 1;
    %jmp T_22.8;
T_22.2 ;
    %load/vec4 v0x55f265673430_0;
    %store/vec4 v0x55f2656738d0_0, 0, 1;
    %jmp T_22.8;
T_22.3 ;
    %load/vec4 v0x55f2656734d0_0;
    %store/vec4 v0x55f2656738d0_0, 0, 1;
    %jmp T_22.8;
T_22.4 ;
    %load/vec4 v0x55f265673570_0;
    %store/vec4 v0x55f2656738d0_0, 0, 1;
    %jmp T_22.8;
T_22.5 ;
    %load/vec4 v0x55f265673660_0;
    %store/vec4 v0x55f2656738d0_0, 0, 1;
    %jmp T_22.8;
T_22.6 ;
    %load/vec4 v0x55f265673790_0;
    %store/vec4 v0x55f2656738d0_0, 0, 1;
    %jmp T_22.8;
T_22.7 ;
    %load/vec4 v0x55f265673830_0;
    %store/vec4 v0x55f2656738d0_0, 0, 1;
    %jmp T_22.8;
T_22.8 ;
    %pop/vec4 1;
    %jmp T_22;
    .thread T_22, $push;
    .scope S_0x55f265674a00;
T_23 ;
    %wait E_0x55f265674c80;
    %load/vec4 v0x55f2656754a0_0;
    %dup/vec4;
    %pushi/vec4 0, 0, 3;
    %cmp/u;
    %jmp/1 T_23.0, 6;
    %dup/vec4;
    %pushi/vec4 1, 0, 3;
    %cmp/u;
    %jmp/1 T_23.1, 6;
    %dup/vec4;
    %pushi/vec4 2, 0, 3;
    %cmp/u;
    %jmp/1 T_23.2, 6;
    %dup/vec4;
    %pushi/vec4 3, 0, 3;
    %cmp/u;
    %jmp/1 T_23.3, 6;
    %dup/vec4;
    %pushi/vec4 4, 0, 3;
    %cmp/u;
    %jmp/1 T_23.4, 6;
    %dup/vec4;
    %pushi/vec4 5, 0, 3;
    %cmp/u;
    %jmp/1 T_23.5, 6;
    %dup/vec4;
    %pushi/vec4 6, 0, 3;
    %cmp/u;
    %jmp/1 T_23.6, 6;
    %dup/vec4;
    %pushi/vec4 7, 0, 3;
    %cmp/u;
    %jmp/1 T_23.7, 6;
    %jmp T_23.8;
T_23.0 ;
    %load/vec4 v0x55f265674d20_0;
    %store/vec4 v0x55f265675350_0, 0, 1;
    %jmp T_23.8;
T_23.1 ;
    %load/vec4 v0x55f265674de0_0;
    %store/vec4 v0x55f265675350_0, 0, 1;
    %jmp T_23.8;
T_23.2 ;
    %load/vec4 v0x55f265674e80_0;
    %store/vec4 v0x55f265675350_0, 0, 1;
    %jmp T_23.8;
T_23.3 ;
    %load/vec4 v0x55f265674f50_0;
    %store/vec4 v0x55f265675350_0, 0, 1;
    %jmp T_23.8;
T_23.4 ;
    %load/vec4 v0x55f265674ff0_0;
    %store/vec4 v0x55f265675350_0, 0, 1;
    %jmp T_23.8;
T_23.5 ;
    %load/vec4 v0x55f2656750e0_0;
    %store/vec4 v0x55f265675350_0, 0, 1;
    %jmp T_23.8;
T_23.6 ;
    %load/vec4 v0x55f265675210_0;
    %store/vec4 v0x55f265675350_0, 0, 1;
    %jmp T_23.8;
T_23.7 ;
    %load/vec4 v0x55f2656752b0_0;
    %store/vec4 v0x55f265675350_0, 0, 1;
    %jmp T_23.8;
T_23.8 ;
    %pop/vec4 1;
    %jmp T_23;
    .thread T_23, $push;
    .scope S_0x55f265675700;
T_24 ;
    %wait E_0x55f265675980;
    %load/vec4 v0x55f265676100_0;
    %dup/vec4;
    %pushi/vec4 0, 0, 3;
    %cmp/u;
    %jmp/1 T_24.0, 6;
    %dup/vec4;
    %pushi/vec4 1, 0, 3;
    %cmp/u;
    %jmp/1 T_24.1, 6;
    %dup/vec4;
    %pushi/vec4 2, 0, 3;
    %cmp/u;
    %jmp/1 T_24.2, 6;
    %dup/vec4;
    %pushi/vec4 3, 0, 3;
    %cmp/u;
    %jmp/1 T_24.3, 6;
    %dup/vec4;
    %pushi/vec4 4, 0, 3;
    %cmp/u;
    %jmp/1 T_24.4, 6;
    %dup/vec4;
    %pushi/vec4 5, 0, 3;
    %cmp/u;
    %jmp/1 T_24.5, 6;
    %dup/vec4;
    %pushi/vec4 6, 0, 3;
    %cmp/u;
    %jmp/1 T_24.6, 6;
    %dup/vec4;
    %pushi/vec4 7, 0, 3;
    %cmp/u;
    %jmp/1 T_24.7, 6;
    %jmp T_24.8;
T_24.0 ;
    %load/vec4 v0x55f265675a20_0;
    %store/vec4 v0x55f265675fb0_0, 0, 1;
    %jmp T_24.8;
T_24.1 ;
    %load/vec4 v0x55f265675ae0_0;
    %store/vec4 v0x55f265675fb0_0, 0, 1;
    %jmp T_24.8;
T_24.2 ;
    %load/vec4 v0x55f265675ba0_0;
    %store/vec4 v0x55f265675fb0_0, 0, 1;
    %jmp T_24.8;
T_24.3 ;
    %load/vec4 v0x55f265675c40_0;
    %store/vec4 v0x55f265675fb0_0, 0, 1;
    %jmp T_24.8;
T_24.4 ;
    %load/vec4 v0x55f265675ce0_0;
    %store/vec4 v0x55f265675fb0_0, 0, 1;
    %jmp T_24.8;
T_24.5 ;
    %load/vec4 v0x55f265675dd0_0;
    %store/vec4 v0x55f265675fb0_0, 0, 1;
    %jmp T_24.8;
T_24.6 ;
    %load/vec4 v0x55f265675e70_0;
    %store/vec4 v0x55f265675fb0_0, 0, 1;
    %jmp T_24.8;
T_24.7 ;
    %load/vec4 v0x55f265675f10_0;
    %store/vec4 v0x55f265675fb0_0, 0, 1;
    %jmp T_24.8;
T_24.8 ;
    %pop/vec4 1;
    %jmp T_24;
    .thread T_24, $push;
    .scope S_0x55f2656763f0;
T_25 ;
    %wait E_0x55f265676670;
    %load/vec4 v0x55f265676ea0_0;
    %dup/vec4;
    %pushi/vec4 0, 0, 3;
    %cmp/u;
    %jmp/1 T_25.0, 6;
    %dup/vec4;
    %pushi/vec4 1, 0, 3;
    %cmp/u;
    %jmp/1 T_25.1, 6;
    %dup/vec4;
    %pushi/vec4 2, 0, 3;
    %cmp/u;
    %jmp/1 T_25.2, 6;
    %dup/vec4;
    %pushi/vec4 3, 0, 3;
    %cmp/u;
    %jmp/1 T_25.3, 6;
    %dup/vec4;
    %pushi/vec4 4, 0, 3;
    %cmp/u;
    %jmp/1 T_25.4, 6;
    %dup/vec4;
    %pushi/vec4 5, 0, 3;
    %cmp/u;
    %jmp/1 T_25.5, 6;
    %dup/vec4;
    %pushi/vec4 6, 0, 3;
    %cmp/u;
    %jmp/1 T_25.6, 6;
    %dup/vec4;
    %pushi/vec4 7, 0, 3;
    %cmp/u;
    %jmp/1 T_25.7, 6;
    %jmp T_25.8;
T_25.0 ;
    %load/vec4 v0x55f265676710_0;
    %store/vec4 v0x55f265676d50_0, 0, 1;
    %jmp T_25.8;
T_25.1 ;
    %load/vec4 v0x55f2656767d0_0;
    %store/vec4 v0x55f265676d50_0, 0, 1;
    %jmp T_25.8;
T_25.2 ;
    %load/vec4 v0x55f265676890_0;
    %store/vec4 v0x55f265676d50_0, 0, 1;
    %jmp T_25.8;
T_25.3 ;
    %load/vec4 v0x55f265676930_0;
    %store/vec4 v0x55f265676d50_0, 0, 1;
    %jmp T_25.8;
T_25.4 ;
    %load/vec4 v0x55f2656769d0_0;
    %store/vec4 v0x55f265676d50_0, 0, 1;
    %jmp T_25.8;
T_25.5 ;
    %load/vec4 v0x55f265676ac0_0;
    %store/vec4 v0x55f265676d50_0, 0, 1;
    %jmp T_25.8;
T_25.6 ;
    %load/vec4 v0x55f265676bf0_0;
    %store/vec4 v0x55f265676d50_0, 0, 1;
    %jmp T_25.8;
T_25.7 ;
    %load/vec4 v0x55f265676c90_0;
    %store/vec4 v0x55f265676d50_0, 0, 1;
    %jmp T_25.8;
T_25.8 ;
    %pop/vec4 1;
    %jmp T_25;
    .thread T_25, $push;
    .scope S_0x55f265677100;
T_26 ;
    %wait E_0x55f265677380;
    %load/vec4 v0x55f265677bb0_0;
    %dup/vec4;
    %pushi/vec4 0, 0, 3;
    %cmp/u;
    %jmp/1 T_26.0, 6;
    %dup/vec4;
    %pushi/vec4 1, 0, 3;
    %cmp/u;
    %jmp/1 T_26.1, 6;
    %dup/vec4;
    %pushi/vec4 2, 0, 3;
    %cmp/u;
    %jmp/1 T_26.2, 6;
    %dup/vec4;
    %pushi/vec4 3, 0, 3;
    %cmp/u;
    %jmp/1 T_26.3, 6;
    %dup/vec4;
    %pushi/vec4 4, 0, 3;
    %cmp/u;
    %jmp/1 T_26.4, 6;
    %dup/vec4;
    %pushi/vec4 5, 0, 3;
    %cmp/u;
    %jmp/1 T_26.5, 6;
    %dup/vec4;
    %pushi/vec4 6, 0, 3;
    %cmp/u;
    %jmp/1 T_26.6, 6;
    %dup/vec4;
    %pushi/vec4 7, 0, 3;
    %cmp/u;
    %jmp/1 T_26.7, 6;
    %jmp T_26.8;
T_26.0 ;
    %load/vec4 v0x55f265677420_0;
    %store/vec4 v0x55f265677a60_0, 0, 1;
    %jmp T_26.8;
T_26.1 ;
    %load/vec4 v0x55f2656774e0_0;
    %store/vec4 v0x55f265677a60_0, 0, 1;
    %jmp T_26.8;
T_26.2 ;
    %load/vec4 v0x55f2656775a0_0;
    %store/vec4 v0x55f265677a60_0, 0, 1;
    %jmp T_26.8;
T_26.3 ;
    %load/vec4 v0x55f265677640_0;
    %store/vec4 v0x55f265677a60_0, 0, 1;
    %jmp T_26.8;
T_26.4 ;
    %load/vec4 v0x55f2656776e0_0;
    %store/vec4 v0x55f265677a60_0, 0, 1;
    %jmp T_26.8;
T_26.5 ;
    %load/vec4 v0x55f2656777d0_0;
    %store/vec4 v0x55f265677a60_0, 0, 1;
    %jmp T_26.8;
T_26.6 ;
    %load/vec4 v0x55f265677900_0;
    %store/vec4 v0x55f265677a60_0, 0, 1;
    %jmp T_26.8;
T_26.7 ;
    %load/vec4 v0x55f2656779a0_0;
    %store/vec4 v0x55f265677a60_0, 0, 1;
    %jmp T_26.8;
T_26.8 ;
    %pop/vec4 1;
    %jmp T_26;
    .thread T_26, $push;
    .scope S_0x55f265677e10;
T_27 ;
    %wait E_0x55f265678090;
    %load/vec4 v0x55f2656787a0_0;
    %dup/vec4;
    %pushi/vec4 0, 0, 3;
    %cmp/u;
    %jmp/1 T_27.0, 6;
    %dup/vec4;
    %pushi/vec4 1, 0, 3;
    %cmp/u;
    %jmp/1 T_27.1, 6;
    %dup/vec4;
    %pushi/vec4 2, 0, 3;
    %cmp/u;
    %jmp/1 T_27.2, 6;
    %dup/vec4;
    %pushi/vec4 3, 0, 3;
    %cmp/u;
    %jmp/1 T_27.3, 6;
    %dup/vec4;
    %pushi/vec4 4, 0, 3;
    %cmp/u;
    %jmp/1 T_27.4, 6;
    %dup/vec4;
    %pushi/vec4 5, 0, 3;
    %cmp/u;
    %jmp/1 T_27.5, 6;
    %dup/vec4;
    %pushi/vec4 6, 0, 3;
    %cmp/u;
    %jmp/1 T_27.6, 6;
    %dup/vec4;
    %pushi/vec4 7, 0, 3;
    %cmp/u;
    %jmp/1 T_27.7, 6;
    %jmp T_27.8;
T_27.0 ;
    %load/vec4 v0x55f265678130_0;
    %store/vec4 v0x55f2656786e0_0, 0, 1;
    %jmp T_27.8;
T_27.1 ;
    %load/vec4 v0x55f2656781f0_0;
    %store/vec4 v0x55f2656786e0_0, 0, 1;
    %jmp T_27.8;
T_27.2 ;
    %load/vec4 v0x55f2656782b0_0;
    %store/vec4 v0x55f2656786e0_0, 0, 1;
    %jmp T_27.8;
T_27.3 ;
    %load/vec4 v0x55f265678350_0;
    %store/vec4 v0x55f2656786e0_0, 0, 1;
    %jmp T_27.8;
T_27.4 ;
    %load/vec4 v0x55f2656783f0_0;
    %store/vec4 v0x55f2656786e0_0, 0, 1;
    %jmp T_27.8;
T_27.5 ;
    %load/vec4 v0x55f2656784e0_0;
    %store/vec4 v0x55f2656786e0_0, 0, 1;
    %jmp T_27.8;
T_27.6 ;
    %load/vec4 v0x55f265678580_0;
    %store/vec4 v0x55f2656786e0_0, 0, 1;
    %jmp T_27.8;
T_27.7 ;
    %load/vec4 v0x55f265678620_0;
    %store/vec4 v0x55f2656786e0_0, 0, 1;
    %jmp T_27.8;
T_27.8 ;
    %pop/vec4 1;
    %jmp T_27;
    .thread T_27, $push;
    .scope S_0x55f265651c40;
T_28 ;
    %wait E_0x55f2655dc630;
    %load/vec4 v0x55f26563e530_0;
    %dup/vec4;
    %pushi/vec4 0, 0, 3;
    %cmp/u;
    %jmp/1 T_28.0, 6;
    %dup/vec4;
    %pushi/vec4 1, 0, 3;
    %cmp/u;
    %jmp/1 T_28.1, 6;
    %dup/vec4;
    %pushi/vec4 2, 0, 3;
    %cmp/u;
    %jmp/1 T_28.2, 6;
    %dup/vec4;
    %pushi/vec4 3, 0, 3;
    %cmp/u;
    %jmp/1 T_28.3, 6;
    %dup/vec4;
    %pushi/vec4 4, 0, 3;
    %cmp/u;
    %jmp/1 T_28.4, 6;
    %dup/vec4;
    %pushi/vec4 5, 0, 3;
    %cmp/u;
    %jmp/1 T_28.5, 6;
    %jmp T_28.6;
T_28.0 ;
    %load/vec4 v0x55f265640280_0;
    %store/vec4 v0x55f26563c4e0_0, 0, 8;
    %jmp T_28.6;
T_28.1 ;
    %load/vec4 v0x55f265640280_0;
    %load/vec4 v0x55f2656405f0_0;
    %add;
    %store/vec4 v0x55f26563c4e0_0, 0, 8;
    %jmp T_28.6;
T_28.2 ;
    %load/vec4 v0x55f265640280_0;
    %load/vec4 v0x55f2656405f0_0;
    %sub;
    %store/vec4 v0x55f26563c4e0_0, 0, 8;
    %jmp T_28.6;
T_28.3 ;
    %load/vec4 v0x55f265640280_0;
    %load/vec4 v0x55f2656405f0_0;
    %and;
    %store/vec4 v0x55f26563c4e0_0, 0, 8;
    %jmp T_28.6;
T_28.4 ;
    %load/vec4 v0x55f265640280_0;
    %load/vec4 v0x55f2656405f0_0;
    %or;
    %store/vec4 v0x55f26563c4e0_0, 0, 8;
    %jmp T_28.6;
T_28.5 ;
    %load/vec4 v0x55f265640280_0;
    %inv;
    %store/vec4 v0x55f26563c4e0_0, 0, 8;
    %jmp T_28.6;
T_28.6 ;
    %pop/vec4 1;
    %jmp T_28;
    .thread T_28, $push;
    .scope S_0x55f26566a310;
T_29 ;
    %wait E_0x55f2655dc9d0;
    %load/vec4 v0x55f26566a5a0_0;
    %flag_set/vec4 8;
    %jmp/0 T_29.0, 8;
    %load/vec4 v0x55f26563c7b0_0;
    %jmp/1 T_29.1, 8;
T_29.0 ; End of true expr.
    %load/vec4 v0x55f26563c5b0_0;
    %jmp/0 T_29.1, 8;
 ; End of false expr.
    %blend;
T_29.1;
    %store/vec4 v0x55f2656446c0_0, 0, 8;
    %jmp T_29;
    .thread T_29, $push;
    .scope S_0x55f26562f890;
T_30 ;
    %vpi_call 2 133 "$dumpfile", "testALU.vcd" {0 0 0};
    %vpi_call 2 134 "$dumpvars", 32'sb00000000000000000000000000000000, S_0x55f26562f890 {0 0 0};
    %pushi/vec4 80, 0, 8;
    %store/vec4 v0x55f2656817f0_0, 0, 8;
    %pushi/vec4 20, 0, 8;
    %store/vec4 v0x55f265681890_0, 0, 8;
    %pushi/vec4 2, 0, 3;
    %store/vec4 v0x55f265681bd0_0, 0, 3;
    %pushi/vec4 0, 0, 3;
    %store/vec4 v0x55f265681600_0, 0, 3;
    %pushi/vec4 0, 0, 1;
    %store/vec4 v0x55f2656819a0_0, 0, 1;
    %delay 10, 0;
    %pushi/vec4 0, 0, 3;
    %store/vec4 v0x55f265681600_0, 0, 3;
    %pushi/vec4 1, 0, 1;
    %store/vec4 v0x55f2656819a0_0, 0, 1;
    %pushi/vec4 1, 0, 1;
    %store/vec4 v0x55f265681ae0_0, 0, 1;
    %delay 10, 0;
    %pushi/vec4 1, 0, 3;
    %store/vec4 v0x55f265681600_0, 0, 3;
    %pushi/vec4 0, 0, 1;
    %store/vec4 v0x55f2656819a0_0, 0, 1;
    %delay 10, 0;
    %pushi/vec4 1, 0, 3;
    %store/vec4 v0x55f265681600_0, 0, 3;
    %pushi/vec4 1, 0, 1;
    %store/vec4 v0x55f2656819a0_0, 0, 1;
    %pushi/vec4 1, 0, 1;
    %store/vec4 v0x55f265681ae0_0, 0, 1;
    %delay 10, 0;
    %pushi/vec4 2, 0, 3;
    %store/vec4 v0x55f265681600_0, 0, 3;
    %pushi/vec4 0, 0, 1;
    %store/vec4 v0x55f2656819a0_0, 0, 1;
    %delay 10, 0;
    %pushi/vec4 2, 0, 3;
    %store/vec4 v0x55f265681600_0, 0, 3;
    %pushi/vec4 1, 0, 1;
    %store/vec4 v0x55f2656819a0_0, 0, 1;
    %pushi/vec4 0, 0, 1;
    %store/vec4 v0x55f265681ae0_0, 0, 1;
    %delay 10, 0;
    %pushi/vec4 3, 0, 3;
    %store/vec4 v0x55f265681600_0, 0, 3;
    %pushi/vec4 0, 0, 1;
    %store/vec4 v0x55f2656819a0_0, 0, 1;
    %delay 10, 0;
    %pushi/vec4 3, 0, 3;
    %store/vec4 v0x55f265681600_0, 0, 3;
    %pushi/vec4 1, 0, 1;
    %store/vec4 v0x55f2656819a0_0, 0, 1;
    %pushi/vec4 0, 0, 1;
    %store/vec4 v0x55f265681ae0_0, 0, 1;
    %delay 10, 0;
    %pushi/vec4 4, 0, 3;
    %store/vec4 v0x55f265681600_0, 0, 3;
    %pushi/vec4 0, 0, 1;
    %store/vec4 v0x55f2656819a0_0, 0, 1;
    %delay 10, 0;
    %pushi/vec4 4, 0, 3;
    %store/vec4 v0x55f265681600_0, 0, 3;
    %pushi/vec4 1, 0, 1;
    %store/vec4 v0x55f2656819a0_0, 0, 1;
    %pushi/vec4 1, 0, 1;
    %store/vec4 v0x55f265681ae0_0, 0, 1;
    %delay 10, 0;
    %pushi/vec4 5, 0, 3;
    %store/vec4 v0x55f265681600_0, 0, 3;
    %pushi/vec4 0, 0, 1;
    %store/vec4 v0x55f2656819a0_0, 0, 1;
    %delay 10, 0;
    %pushi/vec4 5, 0, 3;
    %store/vec4 v0x55f265681600_0, 0, 3;
    %pushi/vec4 1, 0, 1;
    %store/vec4 v0x55f2656819a0_0, 0, 1;
    %pushi/vec4 0, 0, 1;
    %store/vec4 v0x55f265681ae0_0, 0, 1;
    %delay 10, 0;
    %pushi/vec4 15, 0, 8;
    %store/vec4 v0x55f2656817f0_0, 0, 8;
    %pushi/vec4 26, 0, 8;
    %store/vec4 v0x55f265681890_0, 0, 8;
    %pushi/vec4 2, 0, 3;
    %store/vec4 v0x55f265681600_0, 0, 3;
    %pushi/vec4 0, 0, 1;
    %store/vec4 v0x55f2656819a0_0, 0, 1;
    %delay 10, 0;
    %pushi/vec4 150, 0, 8;
    %store/vec4 v0x55f2656817f0_0, 0, 8;
    %pushi/vec4 150, 0, 8;
    %store/vec4 v0x55f265681890_0, 0, 8;
    %pushi/vec4 1, 0, 3;
    %store/vec4 v0x55f265681600_0, 0, 3;
    %pushi/vec4 0, 0, 1;
    %store/vec4 v0x55f2656819a0_0, 0, 1;
    %delay 10, 0;
    %pushi/vec4 0, 0, 8;
    %store/vec4 v0x55f2656817f0_0, 0, 8;
    %pushi/vec4 5, 0, 3;
    %store/vec4 v0x55f265681600_0, 0, 3;
    %pushi/vec4 0, 0, 1;
    %store/vec4 v0x55f2656819a0_0, 0, 1;
    %delay 10, 0;
    %vpi_call 2 172 "$finish" {0 0 0};
    %end;
    .thread T_30;
# The file index is used to find the file name in the following table.
:file_names 3;
    "N/A";
    "<interactive>";
    "shifterandalufinal.v";
